Traceback (most recent call last):
  File "/nas/longleaf/home/gabivla/lab/SV_mosquitos/final_scripts/Evolutionary_constrains/nonreference/frequency_dif_distribution/plot_frequency_difference.py", line 134, in <module>
    df = pd.read_csv(nonreference_path)
         ^^^^^^^^^^^^^^^^^^^^^^^^^^^^^^
  File "/nas/longleaf/home/gabivla/miniconda3/lib/python3.12/site-packages/pandas/io/parsers/readers.py", line 1026, in read_csv
    return _read(filepath_or_buffer, kwds)
           ^^^^^^^^^^^^^^^^^^^^^^^^^^^^^^^
  File "/nas/longleaf/home/gabivla/miniconda3/lib/python3.12/site-packages/pandas/io/parsers/readers.py", line 620, in _read
    parser = TextFileReader(filepath_or_buffer, **kwds)
             ^^^^^^^^^^^^^^^^^^^^^^^^^^^^^^^^^^^^^^^^^^
  File "/nas/longleaf/home/gabivla/miniconda3/lib/python3.12/site-packages/pandas/io/parsers/readers.py", line 1620, in __init__
    self._engine = self._make_engine(f, self.engine)
                   ^^^^^^^^^^^^^^^^^^^^^^^^^^^^^^^^^
  File "/nas/longleaf/home/gabivla/miniconda3/lib/python3.12/site-packages/pandas/io/parsers/readers.py", line 1880, in _make_engine
    self.handles = get_handle(
                   ^^^^^^^^^^^
  File "/nas/longleaf/home/gabivla/miniconda3/lib/python3.12/site-packages/pandas/io/common.py", line 873, in get_handle
    handle = open(
             ^^^^^
FileNotFoundError: [Errno 2] No such file or directory: '/work/users/g/a/gabivla/lab/SV_mosquitos/VCF_genotypes_TEs/separate_chromosomes/merged_nonreference/VCF_nonreference_post_processing.csv'
