WARNING: fastp uses up to 16 threads although you specified 24
Read1 before filtering:
total reads: 85582630
total bases: 12691274064
Q20 bases: 12352387923(97.3298%)
Q30 bases: 11927285577(93.9802%)

Read2 before filtering:
total reads: 85582630
total bases: 12686488973
Q20 bases: 10942978639(86.257%)
Q30 bases: 9336683331(73.5955%)

Read1 after filtering:
total reads: 81291365
total bases: 6089612351
Q20 bases: 6032354880(99.0598%)
Q30 bases: 5921672880(97.2422%)

Read2 after filtering:
total reads: 81291365
total bases: 6088819433
Q20 bases: 5788155749(95.062%)
Q30 bases: 5396921628(88.6366%)

Filtering result:
reads passed filter: 162582730
reads failed due to low quality: 8553138
reads failed due to too many N: 29392
reads failed due to too short: 0
reads with adapter trimmed: 2096438
bases trimmed due to adapters: 116023604

Duplication rate: 5.60213%

Insert size peak (evaluated by paired-end reads): 35

JSON report: fastp.json
HTML report: fastp.html

fastp -w 24 -i /work/users/g/a/gabivla/data_mosquito/data_running_mcclintock/SRR_run_genome_test/multiple_srr_genomes/fastq_v4/SRR11006770/SRR11006770_1.fastq.gz -I /work/users/g/a/gabivla/data_mosquito/data_running_mcclintock/SRR_run_genome_test/multiple_srr_genomes/fastq_v4/SRR11006770/SRR11006770_2.fastq.gz -o /users/g/a/gabivla/trimed_reads/general_srr/SRR11006770/SRR11006770_1.fastq.gz_75.fq -O /users/g/a/gabivla/trimed_reads/general_srr/SRR11006770/SRR11006770_2.fastq.gz_75.fq --max_len1 75 --max_len2 75 
fastp v0.23.4, time used: 116 seconds
