WARNING: fastp uses up to 16 threads although you specified 24
Read1 before filtering:
total reads: 62846950
total bases: 9412059392
Q20 bases: 9084248562(96.5171%)
Q30 bases: 8610534828(91.4841%)

Read2 before filtering:
total reads: 62846950
total bases: 9408085594
Q20 bases: 8534733500(90.717%)
Q30 bases: 7601005164(80.7923%)

Read1 after filtering:
total reads: 61081533
total bases: 4577091001
Q20 bases: 4498817465(98.2899%)
Q30 bases: 4354275226(95.1319%)

Read2 after filtering:
total reads: 61081533
total bases: 4576616993
Q20 bases: 4413002299(96.425%)
Q30 bases: 4189836091(91.5488%)

Filtering result:
reads passed filter: 122163066
reads failed due to low quality: 3503192
reads failed due to too many N: 27642
reads failed due to too short: 0
reads with adapter trimmed: 1252730
bases trimmed due to adapters: 67743721

Duplication rate: 4.55145%

Insert size peak (evaluated by paired-end reads): 35

JSON report: fastp.json
HTML report: fastp.html

fastp -w 24 -i /work/users/g/a/gabivla/data_mosquito/data_running_mcclintock/SRR_run_genome_test/multiple_srr_genomes/fastq_v4/SRR11006683/SRR11006683_1.fastq.gz -I /work/users/g/a/gabivla/data_mosquito/data_running_mcclintock/SRR_run_genome_test/multiple_srr_genomes/fastq_v4/SRR11006683/SRR11006683_2.fastq.gz -o /users/g/a/gabivla/trimed_reads/general_srr/SRR11006683/SRR11006683_1.fastq.gz_75.fq -O /users/g/a/gabivla/trimed_reads/general_srr/SRR11006683/SRR11006683_2.fastq.gz_75.fq --max_len1 75 --max_len2 75 
fastp v0.23.4, time used: 80 seconds
