WARNING: fastp uses up to 16 threads although you specified 24
Read1 before filtering:
total reads: 105229561
total bases: 15784434150
Q20 bases: 14534036196(92.0783%)
Q30 bases: 13512940985(85.6093%)

Read2 before filtering:
total reads: 105229561
total bases: 15784434150
Q20 bases: 14641750390(92.7607%)
Q30 bases: 13677958960(86.6547%)

Read1 after filtering:
total reads: 96677647
total bases: 7239579144
Q20 bases: 6963012292(96.1798%)
Q30 bases: 6605202831(91.2374%)

Read2 after filtering:
total reads: 96677647
total bases: 7239210848
Q20 bases: 7032095911(97.139%)
Q30 bases: 6736822346(93.0602%)

Filtering result:
reads passed filter: 193355294
reads failed due to low quality: 14369348
reads failed due to too many N: 400
reads failed due to too short: 2734080
reads with adapter trimmed: 10564674
bases trimmed due to adapters: 352819743

Duplication rate: 15.36%

Insert size peak (evaluated by paired-end reads): 0

JSON report: fastp.json
HTML report: fastp.html

fastp -w 24 -i /users/g/a/gabivla/flycross_fastq/fastq_FEMALE_22-F22_S15/FEMALE_22-F22_CAGTCCAA-GATTACCG_S15_L001_L002_R1_001.fastq -I /users/g/a/gabivla/flycross_fastq/fastq_FEMALE_22-F22_S15/FEMALE_22-F22_CAGTCCAA-GATTACCG_S15_L001_L002_R2_001.fastq -o /users/g/a/gabivla/trimed_reads/flycross/fastq_FEMALE_22-F22_S15/FEMALE_22-F22_CAGTCCAA-GATTACCG_S15_L001_L002_R1_001.fastq_75.fq -O /users/g/a/gabivla/trimed_reads/flycross/fastq_FEMALE_22-F22_S15/FEMALE_22-F22_CAGTCCAA-GATTACCG_S15_L001_L002_R2_001.fastq_75.fq --max_len1 75 --max_len2 75 
fastp v0.23.4, time used: 244 seconds
