WARNING: fastp uses up to 16 threads although you specified 24
Read1 before filtering:
total reads: 101196478
total bases: 15179471700
Q20 bases: 14944306988(98.4508%)
Q30 bases: 14509332294(95.5852%)

Read2 before filtering:
total reads: 101196478
total bases: 15179471700
Q20 bases: 14697066315(96.822%)
Q30 bases: 14057048001(92.6056%)

Read1 after filtering:
total reads: 100175157
total bases: 7504930435
Q20 bases: 7442107478(99.1629%)
Q30 bases: 7283925588(97.0552%)

Read2 after filtering:
total reads: 100175157
total bases: 7504811291
Q20 bases: 7366089053(98.1516%)
Q30 bases: 7142709559(95.1751%)

Filtering result:
reads passed filter: 200350314
reads failed due to low quality: 1783234
reads failed due to too many N: 462
reads failed due to too short: 258946
reads with adapter trimmed: 5626286
bases trimmed due to adapters: 207444760

Duplication rate: 4.42691%

Insert size peak (evaluated by paired-end reads): 268

JSON report: fastp.json
HTML report: fastp.html

fastp -w 24 -i /users/g/a/gabivla/flycross_fastq/fastq_FEMALE_2-F2_S12/FEMALE_2-F2_CTTAGGAC-GTAGGAGT_S12_L001_L002_R1_001.fastq -I /users/g/a/gabivla/flycross_fastq/fastq_FEMALE_2-F2_S12/FEMALE_2-F2_CTTAGGAC-GTAGGAGT_S12_L001_L002_R2_001.fastq -o /users/g/a/gabivla/trimed_reads/flycross/fastq_FEMALE_2-F2_S12/FEMALE_2-F2_CTTAGGAC-GTAGGAGT_S12_L001_L002_R1_001.fastq_75.fq -O /users/g/a/gabivla/trimed_reads/flycross/fastq_FEMALE_2-F2_S12/FEMALE_2-F2_CTTAGGAC-GTAGGAGT_S12_L001_L002_R2_001.fastq_75.fq --max_len1 75 --max_len2 75 
fastp v0.23.4, time used: 222 seconds
