WARNING: fastp uses up to 16 threads although you specified 24
Read1 before filtering:
total reads: 78253666
total bases: 11733626440
Q20 bases: 11433244728(97.44%)
Q30 bases: 10975781491(93.5413%)

Read2 before filtering:
total reads: 78253666
total bases: 11731556072
Q20 bases: 10304842240(87.8387%)
Q30 bases: 8912724319(75.9722%)

Read1 after filtering:
total reads: 75263556
total bases: 5639855874
Q20 bases: 5568924312(98.7423%)
Q30 bases: 5437049198(96.404%)

Read2 after filtering:
total reads: 75263556
total bases: 5639487338
Q20 bases: 5343622033(94.7537%)
Q30 bases: 4971137998(88.1488%)

Filtering result:
reads passed filter: 150527112
reads failed due to low quality: 5940232
reads failed due to too many N: 39988
reads failed due to too short: 0
reads with adapter trimmed: 1488870
bases trimmed due to adapters: 80627857

Duplication rate: 4.92282%

Insert size peak (evaluated by paired-end reads): 35

JSON report: fastp.json
HTML report: fastp.html

fastp -w 24 -i /users/g/a/gabivla/extra_genomes_srr/SRR11006666/SRR11006666_1.fastq.gz -I /users/g/a/gabivla/extra_genomes_srr/SRR11006666/SRR11006666_2.fastq.gz -o /users/g/a/gabivla/trimed_reads/extra_genomes/SRR11006666/SRR11006666_1.fastq.gz_75.fq -O /users/g/a/gabivla/trimed_reads/extra_genomes/SRR11006666/SRR11006666_2.fastq.gz_75.fq --max_len1 75 --max_len2 75 
fastp v0.23.4, time used: 176 seconds
