WARNING: fastp uses up to 16 threads although you specified 24
Read1 before filtering:
total reads: 66058242
total bases: 9365235681
Q20 bases: 9013301655(96.2421%)
Q30 bases: 8712278325(93.0279%)

Read2 before filtering:
total reads: 66058242
total bases: 9363022053
Q20 bases: 8675721980(92.6594%)
Q30 bases: 8018704146(85.6423%)

Read1 after filtering:
total reads: 60313472
total bases: 4518799291
Q20 bases: 4462234971(98.7482%)
Q30 bases: 4355234381(96.3803%)

Read2 after filtering:
total reads: 60313472
total bases: 4518143224
Q20 bases: 4395071567(97.2761%)
Q30 bases: 4212414254(93.2333%)

Filtering result:
reads passed filter: 120626944
reads failed due to low quality: 11470932
reads failed due to too many N: 18608
reads failed due to too short: 0
reads with adapter trimmed: 1299852
bases trimmed due to adapters: 70159419

Duplication rate: 13.8231%

Insert size peak (evaluated by paired-end reads): 35

JSON report: fastp.json
HTML report: fastp.html

fastp -w 24 -i /work/users/g/a/gabivla/data_mosquito/data_running_mcclintock/SRR_run_genome_test/multiple_srr_genomes/fastq_v5/SRR11006838/SRR11006838_1.fastq.gz -I /work/users/g/a/gabivla/data_mosquito/data_running_mcclintock/SRR_run_genome_test/multiple_srr_genomes/fastq_v5/SRR11006838/SRR11006838_2.fastq.gz -o /users/g/a/gabivla/trimed_reads/general_srr/SRR11006838/SRR11006838_1.fastq.gz_75.fq -O /users/g/a/gabivla/trimed_reads/general_srr/SRR11006838/SRR11006838_2.fastq.gz_75.fq --max_len1 75 --max_len2 75 
fastp v0.23.4, time used: 116 seconds
