WARNING: fastp uses up to 16 threads although you specified 24
Read1 before filtering:
total reads: 66736761
total bases: 9861331677
Q20 bases: 9554979632(96.8934%)
Q30 bases: 9185882852(93.1505%)

Read2 before filtering:
total reads: 66736761
total bases: 9859454093
Q20 bases: 8208791136(83.2581%)
Q30 bases: 6769892776(68.664%)

Read1 after filtering:
total reads: 62479181
total bases: 4679976929
Q20 bases: 4628300903(98.8958%)
Q30 bases: 4535997534(96.9235%)

Read2 after filtering:
total reads: 62479181
total bases: 4679459414
Q20 bases: 4362800921(93.233%)
Q30 bases: 3970298626(84.8452%)

Filtering result:
reads passed filter: 124958362
reads failed due to low quality: 8489692
reads failed due to too many N: 25468
reads failed due to too short: 0
reads with adapter trimmed: 1776144
bases trimmed due to adapters: 97394563

Duplication rate: 5.3869%

Insert size peak (evaluated by paired-end reads): 35

JSON report: fastp.json
HTML report: fastp.html

fastp -w 24 -i /work/users/g/a/gabivla/data_mosquito/data_running_mcclintock/SRR_run_genome_test/multiple_srr_genomes/fastq_v4/SRR11006763/SRR11006763_1.fastq.gz -I /work/users/g/a/gabivla/data_mosquito/data_running_mcclintock/SRR_run_genome_test/multiple_srr_genomes/fastq_v4/SRR11006763/SRR11006763_2.fastq.gz -o /users/g/a/gabivla/trimed_reads/general_srr/SRR11006763/SRR11006763_1.fastq.gz_75.fq -O /users/g/a/gabivla/trimed_reads/general_srr/SRR11006763/SRR11006763_2.fastq.gz_75.fq --max_len1 75 --max_len2 75 
fastp v0.23.4, time used: 151 seconds
