WARNING: fastp uses up to 16 threads although you specified 24
Read1 before filtering:
total reads: 87625080
total bases: 13143762000
Q20 bases: 12898543818(98.1343%)
Q30 bases: 12498080068(95.0875%)

Read2 before filtering:
total reads: 87625080
total bases: 13143762000
Q20 bases: 12736322845(96.9001%)
Q30 bases: 12221993882(92.987%)

Read1 after filtering:
total reads: 86482415
total bases: 6480223474
Q20 bases: 6415142241(98.9957%)
Q30 bases: 6268167939(96.7277%)

Read2 after filtering:
total reads: 86482415
total bases: 6480158428
Q20 bases: 6368209846(98.2724%)
Q30 bases: 6192353907(95.5587%)

Filtering result:
reads passed filter: 172964830
reads failed due to low quality: 2022354
reads failed due to too many N: 428
reads failed due to too short: 262548
reads with adapter trimmed: 4258882
bases trimmed due to adapters: 146986067

Duplication rate: 4.82275%

Insert size peak (evaluated by paired-end reads): 269

JSON report: fastp.json
HTML report: fastp.html

fastp -w 24 -i /users/g/a/gabivla/flycross_fastq/fastq_FEMALE_5-F5_S18/FEMALE_5-F5_CATACCAC-CGGTTGTT_S18_L001_L002_R1_001.fastq -I /users/g/a/gabivla/flycross_fastq/fastq_FEMALE_5-F5_S18/FEMALE_5-F5_CATACCAC-CGGTTGTT_S18_L001_L002_R2_001.fastq -o /users/g/a/gabivla/trimed_reads/flycross/fastq_FEMALE_5-F5_S18/FEMALE_5-F5_CATACCAC-CGGTTGTT_S18_L001_L002_R1_001.fastq_75.fq -O /users/g/a/gabivla/trimed_reads/flycross/fastq_FEMALE_5-F5_S18/FEMALE_5-F5_CATACCAC-CGGTTGTT_S18_L001_L002_R2_001.fastq_75.fq --max_len1 75 --max_len2 75 
fastp v0.23.4, time used: 369 seconds
