WARNING: fastp uses up to 16 threads although you specified 24
Read1 before filtering:
total reads: 44308260
total bases: 6466499254
Q20 bases: 6374186841(98.5725%)
Q30 bases: 6182971431(95.6154%)

Read2 before filtering:
total reads: 44308260
total bases: 6166879960
Q20 bases: 5974574381(96.8816%)
Q30 bases: 5584861277(90.5622%)

Read1 after filtering:
total reads: 44280492
total bases: 3304098116
Q20 bases: 3268308729(98.9168%)
Q30 bases: 3194502269(96.683%)

Read2 after filtering:
total reads: 44280492
total bases: 3275558260
Q20 bases: 3198755862(97.6553%)
Q30 bases: 3068064470(93.6654%)

Filtering result:
reads passed filter: 88560984
reads failed due to low quality: 49352
reads failed due to too many N: 6184
reads failed due to too short: 0
reads with adapter trimmed: 557318
bases trimmed due to adapters: 18173766

Duplication rate: 3.80269%

Insert size peak (evaluated by paired-end reads): 150

JSON report: fastp.json
HTML report: fastp.html

fastp -w 24 -i /work/users/g/a/gabivla/data_mosquito/data_running_mcclintock/SRR_genomes_US/genomes_3/SRR6768015/SRR6768015_1.fastq.gz -I /work/users/g/a/gabivla/data_mosquito/data_running_mcclintock/SRR_genomes_US/genomes_3/SRR6768015/SRR6768015_2.fastq.gz -o /users/g/a/gabivla/trimed_reads/US_genomes/SRR6768015/SRR6768015_1.fastq.gz_75.fq -O /users/g/a/gabivla/trimed_reads/US_genomes/SRR6768015/SRR6768015_2.fastq.gz_75.fq --max_len1 75 --max_len2 75 
fastp v0.23.4, time used: 203 seconds
