WARNING: fastp uses up to 16 threads although you specified 24
Read1 before filtering:
total reads: 90783540
total bases: 13401389844
Q20 bases: 12973047947(96.8038%)
Q30 bases: 12428352923(92.7393%)

Read2 before filtering:
total reads: 90783540
total bases: 13423129518
Q20 bases: 8673083768(64.613%)
Q30 bases: 5727154226(42.6663%)

Read1 after filtering:
total reads: 75327781
total bases: 5638557150
Q20 bases: 5581090303(98.9808%)
Q30 bases: 5467448858(96.9654%)

Read2 after filtering:
total reads: 75327781
total bases: 5638519188
Q20 bases: 4776198821(84.7066%)
Q30 bases: 3799970502(67.3931%)

Filtering result:
reads passed filter: 150655562
reads failed due to low quality: 30905594
reads failed due to too many N: 5924
reads failed due to too short: 0
reads with adapter trimmed: 2669810
bases trimmed due to adapters: 165843363

Duplication rate: 3.54126%

Insert size peak (evaluated by paired-end reads): 35

JSON report: fastp.json
HTML report: fastp.html

fastp -w 24 -i /work/users/g/a/gabivla/data_mosquito/data_running_mcclintock/SRR_run_genome_test/multiple_srr_genomes/fastq_v4/SRR11006826/SRR11006826_1.fastq.gz -I /work/users/g/a/gabivla/data_mosquito/data_running_mcclintock/SRR_run_genome_test/multiple_srr_genomes/fastq_v4/SRR11006826/SRR11006826_2.fastq.gz -o /users/g/a/gabivla/trimed_reads/general_srr/SRR11006826/SRR11006826_1.fastq.gz_75.fq -O /users/g/a/gabivla/trimed_reads/general_srr/SRR11006826/SRR11006826_2.fastq.gz_75.fq --max_len1 75 --max_len2 75 
fastp v0.23.4, time used: 149 seconds
