WARNING: fastp uses up to 16 threads although you specified 24
Read1 before filtering:
total reads: 72758313
total bases: 10705156459
Q20 bases: 10356008090(96.7385%)
Q30 bases: 9924071682(92.7037%)

Read2 before filtering:
total reads: 72758313
total bases: 10717923893
Q20 bases: 7670780326(71.5696%)
Q30 bases: 5503647435(51.3499%)

Read1 after filtering:
total reads: 65016276
total bases: 4868731561
Q20 bases: 4809597843(98.7854%)
Q30 bases: 4696499529(96.4625%)

Read2 after filtering:
total reads: 65016276
total bases: 4868689031
Q20 bases: 4285030351(88.012%)
Q30 bases: 3563756907(73.1975%)

Filtering result:
reads passed filter: 130032552
reads failed due to low quality: 15477398
reads failed due to too many N: 6676
reads failed due to too short: 0
reads with adapter trimmed: 2035726
bases trimmed due to adapters: 119335490

Duplication rate: 4.17599%

Insert size peak (evaluated by paired-end reads): 35

JSON report: fastp.json
HTML report: fastp.html

fastp -w 24 -i /work/users/g/a/gabivla/data_mosquito/data_running_mcclintock/SRR_run_genome_test/multiple_srr_genomes/fastq_v5/SRR11006834/SRR11006834_1.fastq.gz -I /work/users/g/a/gabivla/data_mosquito/data_running_mcclintock/SRR_run_genome_test/multiple_srr_genomes/fastq_v5/SRR11006834/SRR11006834_2.fastq.gz -o /users/g/a/gabivla/trimed_reads/general_srr/SRR11006834/SRR11006834_1.fastq.gz_75.fq -O /users/g/a/gabivla/trimed_reads/general_srr/SRR11006834/SRR11006834_2.fastq.gz_75.fq --max_len1 75 --max_len2 75 
fastp v0.23.4, time used: 133 seconds
