WARNING: fastp uses up to 16 threads although you specified 24
Read1 before filtering:
total reads: 48607952
total bases: 7147525985
Q20 bases: 7059361628(98.7665%)
Q30 bases: 6858669813(95.9587%)

Read2 before filtering:
total reads: 48607952
total bases: 6681488988
Q20 bases: 6431145637(96.2532%)
Q30 bases: 5947546581(89.0153%)

Read1 after filtering:
total reads: 48537630
total bases: 3626512635
Q20 bases: 3592851024(99.0718%)
Q30 bases: 3517367506(96.9904%)

Read2 after filtering:
total reads: 48537630
total bases: 3568784971
Q20 bases: 3447453105(96.6002%)
Q30 bases: 3250831223(91.0907%)

Filtering result:
reads passed filter: 97075260
reads failed due to low quality: 100468
reads failed due to too many N: 40176
reads failed due to too short: 0
reads with adapter trimmed: 998874
bases trimmed due to adapters: 23206250

Duplication rate: 2.5669%

Insert size peak (evaluated by paired-end reads): 150

JSON report: fastp.json
HTML report: fastp.html

fastp -w 24 -i /work/users/g/a/gabivla/data_mosquito/data_running_mcclintock/SRR_genomes_US/genomes_3/SRR6768013/SRR6768013_1.fastq.gz -I /work/users/g/a/gabivla/data_mosquito/data_running_mcclintock/SRR_genomes_US/genomes_3/SRR6768013/SRR6768013_2.fastq.gz -o /users/g/a/gabivla/trimed_reads/US_genomes/SRR6768013/SRR6768013_1.fastq.gz_75.fq -O /users/g/a/gabivla/trimed_reads/US_genomes/SRR6768013/SRR6768013_2.fastq.gz_75.fq --max_len1 75 --max_len2 75 
fastp v0.23.4, time used: 225 seconds
