WARNING: fastp uses up to 16 threads although you specified 24
Read1 before filtering:
total reads: 77095374
total bases: 10652250526
Q20 bases: 10168980032(95.4632%)
Q30 bases: 9832867707(92.3079%)

Read2 before filtering:
total reads: 77095374
total bases: 10654938231
Q20 bases: 9831623232(92.2729%)
Q30 bases: 9126937316(85.6592%)

Read1 after filtering:
total reads: 68216036
total bases: 5110704637
Q20 bases: 5046711314(98.7479%)
Q30 bases: 4925779044(96.3816%)

Read2 after filtering:
total reads: 68216036
total bases: 5110076455
Q20 bases: 4982110510(97.4958%)
Q30 bases: 4788274463(93.7026%)

Filtering result:
reads passed filter: 136432072
reads failed due to low quality: 17734386
reads failed due to too many N: 24290
reads failed due to too short: 0
reads with adapter trimmed: 1462676
bases trimmed due to adapters: 77163896

Duplication rate: 16.5865%

Insert size peak (evaluated by paired-end reads): 35

JSON report: fastp.json
HTML report: fastp.html

fastp -w 24 -i /work/users/g/a/gabivla/data_mosquito/data_running_mcclintock/SRR_run_genome_test/multiple_srr_genomes/fastq_v6/SRR11006850/SRR11006850_1.fastq.gz -I /work/users/g/a/gabivla/data_mosquito/data_running_mcclintock/SRR_run_genome_test/multiple_srr_genomes/fastq_v6/SRR11006850/SRR11006850_2.fastq.gz -o /users/g/a/gabivla/trimed_reads/general_srr/SRR11006850/SRR11006850_1.fastq.gz_75.fq -O /users/g/a/gabivla/trimed_reads/general_srr/SRR11006850/SRR11006850_2.fastq.gz_75.fq --max_len1 75 --max_len2 75 
fastp v0.23.4, time used: 115 seconds
