WARNING: fastp uses up to 16 threads although you specified 24
Read1 before filtering:
total reads: 101782841
total bases: 15267426150
Q20 bases: 15019808957(98.3781%)
Q30 bases: 14579753918(95.4958%)

Read2 before filtering:
total reads: 101782841
total bases: 15267426150
Q20 bases: 14837455770(97.1837%)
Q30 bases: 14262039257(93.4148%)

Read1 after filtering:
total reads: 100718607
total bases: 7548239391
Q20 bases: 7479995031(99.0959%)
Q30 bases: 7317328307(96.9409%)

Read2 after filtering:
total reads: 100718607
total bases: 7548090531
Q20 bases: 7423840190(98.3539%)
Q30 bases: 7224618062(95.7145%)

Filtering result:
reads passed filter: 201437214
reads failed due to low quality: 1858008
reads failed due to too many N: 562
reads failed due to too short: 269898
reads with adapter trimmed: 4273352
bases trimmed due to adapters: 142222027

Duplication rate: 4.99561%

Insert size peak (evaluated by paired-end reads): 269

JSON report: fastp.json
HTML report: fastp.html

fastp -w 24 -i /users/g/a/gabivla/flycross_fastq/fastq_FEMALE_15-F15_S7/FEMALE_15-F15_ATGCACGA-GACGATCT_S7_L001_L002_R1_001.fastq -I /users/g/a/gabivla/flycross_fastq/fastq_FEMALE_15-F15_S7/FEMALE_15-F15_ATGCACGA-GACGATCT_S7_L001_L002_R2_001.fastq -o /users/g/a/gabivla/trimed_reads/flycross/fastq_FEMALE_15-F15_S7/FEMALE_15-F15_ATGCACGA-GACGATCT_S7_L001_L002_R1_001.fastq_75.fq -O /users/g/a/gabivla/trimed_reads/flycross/fastq_FEMALE_15-F15_S7/FEMALE_15-F15_ATGCACGA-GACGATCT_S7_L001_L002_R2_001.fastq_75.fq --max_len1 75 --max_len2 75 
fastp v0.23.4, time used: 240 seconds
