WARNING: fastp uses up to 16 threads although you specified 24
Read1 before filtering:
total reads: 72609849
total bases: 10020969173
Q20 bases: 9566708981(95.4669%)
Q30 bases: 9254678800(92.3531%)

Read2 before filtering:
total reads: 72609849
total bases: 10021569873
Q20 bases: 9275921523(92.5596%)
Q30 bases: 8640973894(86.2238%)

Read1 after filtering:
total reads: 64261060
total bases: 4814037087
Q20 bases: 4754494113(98.7631%)
Q30 bases: 4641317536(96.4122%)

Read2 after filtering:
total reads: 64261060
total bases: 4813446727
Q20 bases: 4700075079(97.6447%)
Q30 bases: 4525307264(94.0139%)

Filtering result:
reads passed filter: 128522120
reads failed due to low quality: 16671002
reads failed due to too many N: 26576
reads failed due to too short: 0
reads with adapter trimmed: 1471446
bases trimmed due to adapters: 77389137

Duplication rate: 16.9261%

Insert size peak (evaluated by paired-end reads): 35

JSON report: fastp.json
HTML report: fastp.html

fastp -w 24 -i /work/users/g/a/gabivla/data_mosquito/data_running_mcclintock/SRR_run_genome_test/multiple_srr_genomes/fastq_v6/SRR11006851/SRR11006851_1.fastq.gz -I /work/users/g/a/gabivla/data_mosquito/data_running_mcclintock/SRR_run_genome_test/multiple_srr_genomes/fastq_v6/SRR11006851/SRR11006851_2.fastq.gz -o /users/g/a/gabivla/trimed_reads/general_srr/SRR11006851/SRR11006851_1.fastq.gz_75.fq -O /users/g/a/gabivla/trimed_reads/general_srr/SRR11006851/SRR11006851_2.fastq.gz_75.fq --max_len1 75 --max_len2 75 
fastp v0.23.4, time used: 120 seconds
