WARNING: fastp uses up to 16 threads although you specified 24
Read1 before filtering:
total reads: 82960660
total bases: 12133652946
Q20 bases: 11687954879(96.3268%)
Q30 bases: 11157119772(91.9519%)

Read2 before filtering:
total reads: 82960660
total bases: 12135998346
Q20 bases: 10403175938(85.7216%)
Q30 bases: 8701057905(71.6963%)

Read1 after filtering:
total reads: 78256480
total bases: 5863643865
Q20 bases: 5775513049(98.497%)
Q30 bases: 5611965154(95.7078%)

Read2 after filtering:
total reads: 78256480
total bases: 5863386631
Q20 bases: 5571570489(95.0231%)
Q30 bases: 5166539230(88.1153%)

Filtering result:
reads passed filter: 156512960
reads failed due to low quality: 9399204
reads failed due to too many N: 9156
reads failed due to too short: 0
reads with adapter trimmed: 1710640
bases trimmed due to adapters: 92379319

Duplication rate: 8.13905%

Insert size peak (evaluated by paired-end reads): 35

JSON report: fastp.json
HTML report: fastp.html

fastp -w 24 -i /work/users/g/a/gabivla/data_mosquito/data_running_mcclintock/SRR_run_genome_test/multiple_srr_genomes/fastq_v5/SRR11006831/SRR11006831_1.fastq.gz -I /work/users/g/a/gabivla/data_mosquito/data_running_mcclintock/SRR_run_genome_test/multiple_srr_genomes/fastq_v5/SRR11006831/SRR11006831_2.fastq.gz -o /users/g/a/gabivla/trimed_reads/general_srr/SRR11006831/SRR11006831_1.fastq.gz_75.fq -O /users/g/a/gabivla/trimed_reads/general_srr/SRR11006831/SRR11006831_2.fastq.gz_75.fq --max_len1 75 --max_len2 75 
fastp v0.23.4, time used: 166 seconds
