WARNING: fastp uses up to 16 threads although you specified 24
Read1 before filtering:
total reads: 53124906
total bases: 7204149906
Q20 bases: 6829880958(94.8048%)
Q30 bases: 6599049351(91.6007%)

Read2 before filtering:
total reads: 53124906
total bases: 7206642692
Q20 bases: 6614228584(91.7796%)
Q30 bases: 6145923636(85.2814%)

Read1 after filtering:
total reads: 45874927
total bases: 3436799915
Q20 bases: 3392421358(98.7087%)
Q30 bases: 3309060145(96.2832%)

Read2 after filtering:
total reads: 45874927
total bases: 3436349586
Q20 bases: 3351134445(97.5202%)
Q30 bases: 3221199130(93.739%)

Filtering result:
reads passed filter: 91749854
reads failed due to low quality: 14482514
reads failed due to too many N: 17444
reads failed due to too short: 0
reads with adapter trimmed: 1006248
bases trimmed due to adapters: 53149107

Duplication rate: 18.3741%

Insert size peak (evaluated by paired-end reads): 35

JSON report: fastp.json
HTML report: fastp.html

fastp -w 24 -i /work/users/g/a/gabivla/data_mosquito/data_running_mcclintock/SRR_run_genome_test/multiple_srr_genomes/fastq_v6/SRR11006841/SRR11006841_1.fastq.gz -I /work/users/g/a/gabivla/data_mosquito/data_running_mcclintock/SRR_run_genome_test/multiple_srr_genomes/fastq_v6/SRR11006841/SRR11006841_2.fastq.gz -o /users/g/a/gabivla/trimed_reads/general_srr/SRR11006841/SRR11006841_1.fastq.gz_75.fq -O /users/g/a/gabivla/trimed_reads/general_srr/SRR11006841/SRR11006841_2.fastq.gz_75.fq --max_len1 75 --max_len2 75 
fastp v0.23.4, time used: 111 seconds
