WARNING: fastp uses up to 16 threads although you specified 24
Read1 before filtering:
total reads: 112337085
total bases: 16850562750
Q20 bases: 16606547095(98.5519%)
Q30 bases: 16148739996(95.835%)

Read2 before filtering:
total reads: 112337085
total bases: 16850562750
Q20 bases: 16363464849(97.1093%)
Q30 bases: 15713490790(93.252%)

Read1 after filtering:
total reads: 111111249
total bases: 8325685292
Q20 bases: 8260189440(99.2133%)
Q30 bases: 8092955437(97.2047%)

Read2 after filtering:
total reads: 111111249
total bases: 8325178096
Q20 bases: 8187999464(98.3522%)
Q30 bases: 7961697384(95.634%)

Filtering result:
reads passed filter: 222222498
reads failed due to low quality: 2048652
reads failed due to too many N: 496
reads failed due to too short: 402524
reads with adapter trimmed: 6199672
bases trimmed due to adapters: 194728881

Duplication rate: 5.35988%

Insert size peak (evaluated by paired-end reads): 268

JSON report: fastp.json
HTML report: fastp.html

fastp -w 24 -i /users/g/a/gabivla/flycross_fastq/fastq_MALE_4-M4_S26/MALE_4-M4_TCGCTGTT-ACGACTTG_S26_L001_L002_R1_001.fastq -I /users/g/a/gabivla/flycross_fastq/fastq_MALE_4-M4_S26/MALE_4-M4_TCGCTGTT-ACGACTTG_S26_L001_L002_R2_001.fastq -o /users/g/a/gabivla/trimed_reads/flycross/fastq_MALE_4-M4_S26/MALE_4-M4_TCGCTGTT-ACGACTTG_S26_L001_L002_R1_001.fastq_75.fq -O /users/g/a/gabivla/trimed_reads/flycross/fastq_MALE_4-M4_S26/MALE_4-M4_TCGCTGTT-ACGACTTG_S26_L001_L002_R2_001.fastq_75.fq --max_len1 75 --max_len2 75 
fastp v0.23.4, time used: 807 seconds
