WARNING: fastp uses up to 16 threads although you specified 24
Read1 before filtering:
total reads: 102766690
total bases: 15415003500
Q20 bases: 15159849830(98.3448%)
Q30 bases: 14711477592(95.4361%)

Read2 before filtering:
total reads: 102766690
total bases: 15415003500
Q20 bases: 14861325790(96.4082%)
Q30 bases: 14209893639(92.1822%)

Read1 after filtering:
total reads: 100920685
total bases: 7561898925
Q20 bases: 7495059781(99.1161%)
Q30 bases: 7333550873(96.9803%)

Read2 after filtering:
total reads: 100920685
total bases: 7561735682
Q20 bases: 7418932784(98.1115%)
Q30 bases: 7195874812(95.1617%)

Filtering result:
reads passed filter: 201841370
reads failed due to low quality: 3214396
reads failed due to too many N: 490
reads failed due to too short: 477124
reads with adapter trimmed: 4741488
bases trimmed due to adapters: 172282266

Duplication rate: 4.33472%

Insert size peak (evaluated by paired-end reads): 0

JSON report: fastp.json
HTML report: fastp.html

fastp -w 24 -i /users/g/a/gabivla/flycross_fastq/fastq_FEMALE_7-F7_S20/FEMALE_7-F7_CCTGATTG-AACTGAGC_S20_L001_L002_R1_001.fastq -I /users/g/a/gabivla/flycross_fastq/fastq_FEMALE_7-F7_S20/FEMALE_7-F7_CCTGATTG-AACTGAGC_S20_L001_L002_R2_001.fastq -o /users/g/a/gabivla/trimed_reads/flycross/fastq_FEMALE_7-F7_S20/FEMALE_7-F7_CCTGATTG-AACTGAGC_S20_L001_L002_R1_001.fastq_75.fq -O /users/g/a/gabivla/trimed_reads/flycross/fastq_FEMALE_7-F7_S20/FEMALE_7-F7_CCTGATTG-AACTGAGC_S20_L001_L002_R2_001.fastq_75.fq --max_len1 75 --max_len2 75 
fastp v0.23.4, time used: 465 seconds
