WARNING: fastp uses up to 16 threads although you specified 24
Read1 before filtering:
total reads: 78389605
total bases: 11751489957
Q20 bases: 11440822118(97.3564%)
Q30 bases: 10973588374(93.3804%)

Read2 before filtering:
total reads: 78389605
total bases: 11749682202
Q20 bases: 10442561912(88.8753%)
Q30 bases: 9131347213(77.7157%)

Read1 after filtering:
total reads: 75889477
total bases: 5687265206
Q20 bases: 5618127058(98.7843%)
Q30 bases: 5489906370(96.5298%)

Read2 after filtering:
total reads: 75889477
total bases: 5686954947
Q20 bases: 5429559048(95.4739%)
Q30 bases: 5098100675(89.6455%)

Filtering result:
reads passed filter: 151778954
reads failed due to low quality: 4945702
reads failed due to too many N: 54554
reads failed due to too short: 0
reads with adapter trimmed: 1379012
bases trimmed due to adapters: 73556176

Duplication rate: 5.25727%

Insert size peak (evaluated by paired-end reads): 35

JSON report: fastp.json
HTML report: fastp.html

fastp -w 24 -i /work/users/g/a/gabivla/data_mosquito/data_running_mcclintock/SRR_run_genome_test/multiple_srr_genomes/fastq/SRR11006668/SRR11006668_1.fastq.gz -I /work/users/g/a/gabivla/data_mosquito/data_running_mcclintock/SRR_run_genome_test/multiple_srr_genomes/fastq/SRR11006668/SRR11006668_2.fastq.gz -o /users/g/a/gabivla/trimed_reads/general_srr/SRR11006668/SRR11006668_1.fastq.gz_75.fq -O /users/g/a/gabivla/trimed_reads/general_srr/SRR11006668/SRR11006668_2.fastq.gz_75.fq --max_len1 75 --max_len2 75 
fastp v0.23.4, time used: 97 seconds
