WARNING: fastp uses up to 16 threads although you specified 24
Read1 before filtering:
total reads: 62075809
total bases: 8743529237
Q20 bases: 8389740000(95.9537%)
Q30 bases: 8099142346(92.6301%)

Read2 before filtering:
total reads: 62075809
total bases: 8742336761
Q20 bases: 8052960917(92.1145%)
Q30 bases: 7411611127(84.7784%)

Read1 after filtering:
total reads: 56125444
total bases: 4204932026
Q20 bases: 4149748441(98.6876%)
Q30 bases: 4046851358(96.2406%)

Read2 after filtering:
total reads: 56125444
total bases: 4204372601
Q20 bases: 4081327114(97.0734%)
Q30 bases: 3901484296(92.7959%)

Filtering result:
reads passed filter: 112250888
reads failed due to low quality: 11883314
reads failed due to too many N: 17416
reads failed due to too short: 0
reads with adapter trimmed: 1207174
bases trimmed due to adapters: 64392317

Duplication rate: 13.8634%

Insert size peak (evaluated by paired-end reads): 35

JSON report: fastp.json
HTML report: fastp.html

fastp -w 24 -i /work/users/g/a/gabivla/data_mosquito/data_running_mcclintock/SRR_run_genome_test/multiple_srr_genomes/fastq_v6/SRR11006846/SRR11006846_1.fastq.gz -I /work/users/g/a/gabivla/data_mosquito/data_running_mcclintock/SRR_run_genome_test/multiple_srr_genomes/fastq_v6/SRR11006846/SRR11006846_2.fastq.gz -o /users/g/a/gabivla/trimed_reads/general_srr/SRR11006846/SRR11006846_1.fastq.gz_75.fq -O /users/g/a/gabivla/trimed_reads/general_srr/SRR11006846/SRR11006846_2.fastq.gz_75.fq --max_len1 75 --max_len2 75 
fastp v0.23.4, time used: 81 seconds
