WARNING: fastp uses up to 16 threads although you specified 24
Read1 before filtering:
total reads: 69175872
total bases: 10363644927
Q20 bases: 10085281095(97.314%)
Q30 bases: 9670689474(93.3136%)

Read2 before filtering:
total reads: 69175872
total bases: 10361298120
Q20 bases: 9126805239(88.0855%)
Q30 bases: 7926308580(76.4992%)

Read1 after filtering:
total reads: 66626284
total bases: 4992657513
Q20 bases: 4933079119(98.8067%)
Q30 bases: 4821943534(96.5807%)

Read2 after filtering:
total reads: 66626284
total bases: 4992308547
Q20 bases: 4750817946(95.1627%)
Q30 bases: 4444867297(89.0343%)

Filtering result:
reads passed filter: 133252568
reads failed due to low quality: 5051300
reads failed due to too many N: 47876
reads failed due to too short: 0
reads with adapter trimmed: 1295208
bases trimmed due to adapters: 70406019

Duplication rate: 5.2832%

Insert size peak (evaluated by paired-end reads): 35

JSON report: fastp.json
HTML report: fastp.html

fastp -w 24 -i /work/users/g/a/gabivla/data_mosquito/data_running_mcclintock/SRR_run_genome_test/multiple_srr_genomes/fastq/SRR11006669/SRR11006669_1.fastq.gz -I /work/users/g/a/gabivla/data_mosquito/data_running_mcclintock/SRR_run_genome_test/multiple_srr_genomes/fastq/SRR11006669/SRR11006669_2.fastq.gz -o /users/g/a/gabivla/trimed_reads/general_srr/SRR11006669/SRR11006669_1.fastq.gz_75.fq -O /users/g/a/gabivla/trimed_reads/general_srr/SRR11006669/SRR11006669_2.fastq.gz_75.fq --max_len1 75 --max_len2 75 
fastp v0.23.4, time used: 94 seconds
