WARNING: fastp uses up to 16 threads although you specified 24
Read1 before filtering:
total reads: 57073793
total bases: 7636985958
Q20 bases: 7169272608(93.8757%)
Q30 bases: 6880277746(90.0915%)

Read2 before filtering:
total reads: 57073793
total bases: 7642387263
Q20 bases: 6680402417(87.4125%)
Q30 bases: 5868683971(76.7912%)

Read1 after filtering:
total reads: 48208956
total bases: 3611076401
Q20 bases: 3554403356(98.4306%)
Q30 bases: 3453428898(95.6343%)

Read2 after filtering:
total reads: 48208956
total bases: 3610728390
Q20 bases: 3480283177(96.3873%)
Q30 bases: 3281573489(90.884%)

Filtering result:
reads passed filter: 96417912
reads failed due to low quality: 17714144
reads failed due to too many N: 15530
reads failed due to too short: 0
reads with adapter trimmed: 1288620
bases trimmed due to adapters: 67143561

Duplication rate: 17.6069%

Insert size peak (evaluated by paired-end reads): 35

JSON report: fastp.json
HTML report: fastp.html

fastp -w 24 -i /work/users/g/a/gabivla/data_mosquito/data_running_mcclintock/SRR_run_genome_test/multiple_srr_genomes/fastq_v5/SRR11006835/SRR11006835_1.fastq.gz -I /work/users/g/a/gabivla/data_mosquito/data_running_mcclintock/SRR_run_genome_test/multiple_srr_genomes/fastq_v5/SRR11006835/SRR11006835_2.fastq.gz -o /users/g/a/gabivla/trimed_reads/general_srr/SRR11006835/SRR11006835_1.fastq.gz_75.fq -O /users/g/a/gabivla/trimed_reads/general_srr/SRR11006835/SRR11006835_2.fastq.gz_75.fq --max_len1 75 --max_len2 75 
fastp v0.23.4, time used: 85 seconds
