WARNING: fastp uses up to 16 threads although you specified 24
Read1 before filtering:
total reads: 84603241
total bases: 12655742366
Q20 bases: 12323859959(97.3776%)
Q30 bases: 11836108343(93.5236%)

Read2 before filtering:
total reads: 84603241
total bases: 12653240411
Q20 bases: 11329022575(89.5346%)
Q30 bases: 9943904550(78.5878%)

Read1 after filtering:
total reads: 82122274
total bases: 6154038212
Q20 bases: 6076570076(98.7412%)
Q30 bases: 5930852781(96.3733%)

Read2 after filtering:
total reads: 82122274
total bases: 6153541501
Q20 bases: 5922100357(96.2389%)
Q30 bases: 5607730515(91.1301%)

Filtering result:
reads passed filter: 164244548
reads failed due to low quality: 4918344
reads failed due to too many N: 43590
reads failed due to too short: 0
reads with adapter trimmed: 1560342
bases trimmed due to adapters: 84022109

Duplication rate: 5.56009%

Insert size peak (evaluated by paired-end reads): 35

JSON report: fastp.json
HTML report: fastp.html

fastp -w 24 -i /work/users/g/a/gabivla/data_mosquito/data_running_mcclintock/SRR_run_genome_test/multiple_srr_genomes/fastq/SRR11006665/SRR11006665_1.fastq.gz -I /work/users/g/a/gabivla/data_mosquito/data_running_mcclintock/SRR_run_genome_test/multiple_srr_genomes/fastq/SRR11006665/SRR11006665_2.fastq.gz -o /users/g/a/gabivla/trimed_reads/general_srr/SRR11006665/SRR11006665_1.fastq.gz_75.fq -O /users/g/a/gabivla/trimed_reads/general_srr/SRR11006665/SRR11006665_2.fastq.gz_75.fq --max_len1 75 --max_len2 75 
fastp v0.23.4, time used: 107 seconds
