WARNING: fastp uses up to 16 threads although you specified 24
Read1 before filtering:
total reads: 77384849
total bases: 11607727350
Q20 bases: 11452641646(98.6639%)
Q30 bases: 11141070850(95.9798%)

Read2 before filtering:
total reads: 77384849
total bases: 11607727350
Q20 bases: 11352413579(97.8005%)
Q30 bases: 10968699715(94.4948%)

Read1 after filtering:
total reads: 76896722
total bases: 5763402643
Q20 bases: 5717692984(99.2069%)
Q30 bases: 5600920751(97.1808%)

Read2 after filtering:
total reads: 76896722
total bases: 5763276795
Q20 bases: 5684838386(98.639%)
Q30 bases: 5552420182(96.3414%)

Filtering result:
reads passed filter: 153793444
reads failed due to low quality: 833142
reads failed due to too many N: 346
reads failed due to too short: 142766
reads with adapter trimmed: 3516564
bases trimmed due to adapters: 107007211

Duplication rate: 4.24014%

Insert size peak (evaluated by paired-end reads): 265

JSON report: fastp.json
HTML report: fastp.html

fastp -w 24 -i /users/g/a/gabivla/flycross_fastq/fastq_FEMALE_21-F21_S14/FEMALE_21-F21_ATGACGTC-GAAGGAAG_S14_L001_L002_R1_001.fastq -I /users/g/a/gabivla/flycross_fastq/fastq_FEMALE_21-F21_S14/FEMALE_21-F21_ATGACGTC-GAAGGAAG_S14_L001_L002_R2_001.fastq -o /users/g/a/gabivla/trimed_reads/flycross/fastq_FEMALE_21-F21_S14/FEMALE_21-F21_ATGACGTC-GAAGGAAG_S14_L001_L002_R1_001.fastq_75.fq -O /users/g/a/gabivla/trimed_reads/flycross/fastq_FEMALE_21-F21_S14/FEMALE_21-F21_ATGACGTC-GAAGGAAG_S14_L001_L002_R2_001.fastq_75.fq --max_len1 75 --max_len2 75 
fastp v0.23.4, time used: 324 seconds
