WARNING: fastp uses up to 16 threads although you specified 24
Read1 before filtering:
total reads: 65981915
total bases: 9873300129
Q20 bases: 9550904414(96.7347%)
Q30 bases: 9080017922(91.9654%)

Read2 before filtering:
total reads: 65981915
total bases: 9870575772
Q20 bases: 9054302749(91.7302%)
Q30 bases: 8149360795(82.5622%)

Read1 after filtering:
total reads: 64418530
total bases: 4827421466
Q20 bases: 4748886022(98.3731%)
Q30 bases: 4603293816(95.3572%)

Read2 after filtering:
total reads: 64418530
total bases: 4827013633
Q20 bases: 4675637488(96.864%)
Q30 bases: 4465074624(92.5018%)

Filtering result:
reads passed filter: 128837060
reads failed due to low quality: 3094602
reads failed due to too many N: 32168
reads failed due to too short: 0
reads with adapter trimmed: 1215452
bases trimmed due to adapters: 62595239

Duplication rate: 4.83908%

Insert size peak (evaluated by paired-end reads): 35

JSON report: fastp.json
HTML report: fastp.html

fastp -w 24 -i /work/users/g/a/gabivla/data_mosquito/data_running_mcclintock/SRR_run_genome_test/multiple_srr_genomes/fastq_v3/SRR11006681/SRR11006681_1.fastq.gz -I /work/users/g/a/gabivla/data_mosquito/data_running_mcclintock/SRR_run_genome_test/multiple_srr_genomes/fastq_v3/SRR11006681/SRR11006681_2.fastq.gz -o /users/g/a/gabivla/trimed_reads/general_srr/SRR11006681/SRR11006681_1.fastq.gz_75.fq -O /users/g/a/gabivla/trimed_reads/general_srr/SRR11006681/SRR11006681_2.fastq.gz_75.fq --max_len1 75 --max_len2 75 
fastp v0.23.4, time used: 86 seconds
