WARNING: fastp uses up to 16 threads although you specified 24
Read1 before filtering:
total reads: 92495037
total bases: 13874255550
Q20 bases: 13680073134(98.6004%)
Q30 bases: 13312922503(95.9541%)

Read2 before filtering:
total reads: 92495037
total bases: 13874255550
Q20 bases: 13599856301(98.0222%)
Q30 bases: 13201857696(95.1536%)

Read1 after filtering:
total reads: 91877364
total bases: 6885732195
Q20 bases: 6831632401(99.2143%)
Q30 bases: 6696323792(97.2493%)

Read2 after filtering:
total reads: 91877364
total bases: 6885606644
Q20 bases: 6805634178(98.8386%)
Q30 bases: 6675448424(96.9479%)

Filtering result:
reads passed filter: 183754728
reads failed due to low quality: 1066656
reads failed due to too many N: 492
reads failed due to too short: 168198
reads with adapter trimmed: 5328214
bases trimmed due to adapters: 153137098

Duplication rate: 4.95397%

Insert size peak (evaluated by paired-end reads): 255

JSON report: fastp.json
HTML report: fastp.html

fastp -w 24 -i /users/g/a/gabivla/flycross_fastq/fastq_FEMALE_17-F17_S9/FEMALE_17-F17_CGGCTAAT-AGAACGAG_S9_L001_L002_R1_001.fastq -I /users/g/a/gabivla/flycross_fastq/fastq_FEMALE_17-F17_S9/FEMALE_17-F17_CGGCTAAT-AGAACGAG_S9_L001_L002_R2_001.fastq -o /users/g/a/gabivla/trimed_reads/flycross/fastq_FEMALE_17-F17_S9/FEMALE_17-F17_CGGCTAAT-AGAACGAG_S9_L001_L002_R1_001.fastq_75.fq -O /users/g/a/gabivla/trimed_reads/flycross/fastq_FEMALE_17-F17_S9/FEMALE_17-F17_CGGCTAAT-AGAACGAG_S9_L001_L002_R2_001.fastq_75.fq --max_len1 75 --max_len2 75 
fastp v0.23.4, time used: 369 seconds
