/work/users/g/a/gabivla/lab/SV_mosquitos/TEs_Aedes_aegypti/Site_Frequency_Spectrum/Size_TEs_SFS/SFS_script_separate_countries_plotting_0.py:142: SettingWithCopyWarning: 
A value is trying to be set on a copy of a slice from a DataFrame.
Try using .loc[row_indexer,col_indexer] = value instead

See the caveats in the documentation: https://pandas.pydata.org/pandas-docs/stable/user_guide/indexing.html#returning-a-view-versus-a-copy
  sel_df[name] = sel_df[name] / total_count
/work/users/g/a/gabivla/lab/SV_mosquitos/TEs_Aedes_aegypti/Site_Frequency_Spectrum/Size_TEs_SFS/SFS_script_separate_countries_plotting_0.py:142: SettingWithCopyWarning: 
A value is trying to be set on a copy of a slice from a DataFrame.
Try using .loc[row_indexer,col_indexer] = value instead

See the caveats in the documentation: https://pandas.pydata.org/pandas-docs/stable/user_guide/indexing.html#returning-a-view-versus-a-copy
  sel_df[name] = sel_df[name] / total_count
/work/users/g/a/gabivla/lab/SV_mosquitos/TEs_Aedes_aegypti/Site_Frequency_Spectrum/Size_TEs_SFS/SFS_script_separate_countries_plotting_0.py:142: SettingWithCopyWarning: 
A value is trying to be set on a copy of a slice from a DataFrame.
Try using .loc[row_indexer,col_indexer] = value instead

See the caveats in the documentation: https://pandas.pydata.org/pandas-docs/stable/user_guide/indexing.html#returning-a-view-versus-a-copy
  sel_df[name] = sel_df[name] / total_count
/work/users/g/a/gabivla/lab/SV_mosquitos/TEs_Aedes_aegypti/Site_Frequency_Spectrum/Size_TEs_SFS/SFS_script_separate_countries_plotting_0.py:142: SettingWithCopyWarning: 
A value is trying to be set on a copy of a slice from a DataFrame.
Try using .loc[row_indexer,col_indexer] = value instead

See the caveats in the documentation: https://pandas.pydata.org/pandas-docs/stable/user_guide/indexing.html#returning-a-view-versus-a-copy
  sel_df[name] = sel_df[name] / total_count
/work/users/g/a/gabivla/lab/SV_mosquitos/TEs_Aedes_aegypti/Site_Frequency_Spectrum/Size_TEs_SFS/SFS_script_separate_countries_plotting_0.py:142: SettingWithCopyWarning: 
A value is trying to be set on a copy of a slice from a DataFrame.
Try using .loc[row_indexer,col_indexer] = value instead

See the caveats in the documentation: https://pandas.pydata.org/pandas-docs/stable/user_guide/indexing.html#returning-a-view-versus-a-copy
  sel_df[name] = sel_df[name] / total_count
/work/users/g/a/gabivla/lab/SV_mosquitos/TEs_Aedes_aegypti/Site_Frequency_Spectrum/Size_TEs_SFS/SFS_script_separate_countries_plotting_0.py:142: SettingWithCopyWarning: 
A value is trying to be set on a copy of a slice from a DataFrame.
Try using .loc[row_indexer,col_indexer] = value instead

See the caveats in the documentation: https://pandas.pydata.org/pandas-docs/stable/user_guide/indexing.html#returning-a-view-versus-a-copy
  sel_df[name] = sel_df[name] / total_count
/work/users/g/a/gabivla/lab/SV_mosquitos/TEs_Aedes_aegypti/Site_Frequency_Spectrum/Size_TEs_SFS/SFS_script_separate_countries_plotting_0.py:142: SettingWithCopyWarning: 
A value is trying to be set on a copy of a slice from a DataFrame.
Try using .loc[row_indexer,col_indexer] = value instead

See the caveats in the documentation: https://pandas.pydata.org/pandas-docs/stable/user_guide/indexing.html#returning-a-view-versus-a-copy
  sel_df[name] = sel_df[name] / total_count
/work/users/g/a/gabivla/lab/SV_mosquitos/TEs_Aedes_aegypti/Site_Frequency_Spectrum/Size_TEs_SFS/SFS_script_separate_countries_plotting_0.py:142: SettingWithCopyWarning: 
A value is trying to be set on a copy of a slice from a DataFrame.
Try using .loc[row_indexer,col_indexer] = value instead

See the caveats in the documentation: https://pandas.pydata.org/pandas-docs/stable/user_guide/indexing.html#returning-a-view-versus-a-copy
  sel_df[name] = sel_df[name] / total_count
/work/users/g/a/gabivla/lab/SV_mosquitos/TEs_Aedes_aegypti/Site_Frequency_Spectrum/Size_TEs_SFS/SFS_script_separate_countries_plotting_0.py:142: SettingWithCopyWarning: 
A value is trying to be set on a copy of a slice from a DataFrame.
Try using .loc[row_indexer,col_indexer] = value instead

See the caveats in the documentation: https://pandas.pydata.org/pandas-docs/stable/user_guide/indexing.html#returning-a-view-versus-a-copy
  sel_df[name] = sel_df[name] / total_count
/work/users/g/a/gabivla/lab/SV_mosquitos/TEs_Aedes_aegypti/Site_Frequency_Spectrum/Size_TEs_SFS/SFS_script_separate_countries_plotting_0.py:142: SettingWithCopyWarning: 
A value is trying to be set on a copy of a slice from a DataFrame.
Try using .loc[row_indexer,col_indexer] = value instead

See the caveats in the documentation: https://pandas.pydata.org/pandas-docs/stable/user_guide/indexing.html#returning-a-view-versus-a-copy
  sel_df[name] = sel_df[name] / total_count
/work/users/g/a/gabivla/lab/SV_mosquitos/TEs_Aedes_aegypti/Site_Frequency_Spectrum/Size_TEs_SFS/SFS_script_separate_countries_plotting_0.py:142: SettingWithCopyWarning: 
A value is trying to be set on a copy of a slice from a DataFrame.
Try using .loc[row_indexer,col_indexer] = value instead

See the caveats in the documentation: https://pandas.pydata.org/pandas-docs/stable/user_guide/indexing.html#returning-a-view-versus-a-copy
  sel_df[name] = sel_df[name] / total_count
/work/users/g/a/gabivla/lab/SV_mosquitos/TEs_Aedes_aegypti/Site_Frequency_Spectrum/Size_TEs_SFS/SFS_script_separate_countries_plotting_0.py:142: SettingWithCopyWarning: 
A value is trying to be set on a copy of a slice from a DataFrame.
Try using .loc[row_indexer,col_indexer] = value instead

See the caveats in the documentation: https://pandas.pydata.org/pandas-docs/stable/user_guide/indexing.html#returning-a-view-versus-a-copy
  sel_df[name] = sel_df[name] / total_count
/work/users/g/a/gabivla/lab/SV_mosquitos/TEs_Aedes_aegypti/Site_Frequency_Spectrum/Size_TEs_SFS/SFS_script_separate_countries_plotting_0.py:142: SettingWithCopyWarning: 
A value is trying to be set on a copy of a slice from a DataFrame.
Try using .loc[row_indexer,col_indexer] = value instead

See the caveats in the documentation: https://pandas.pydata.org/pandas-docs/stable/user_guide/indexing.html#returning-a-view-versus-a-copy
  sel_df[name] = sel_df[name] / total_count
/work/users/g/a/gabivla/lab/SV_mosquitos/TEs_Aedes_aegypti/Site_Frequency_Spectrum/Size_TEs_SFS/SFS_script_separate_countries_plotting_0.py:142: SettingWithCopyWarning: 
A value is trying to be set on a copy of a slice from a DataFrame.
Try using .loc[row_indexer,col_indexer] = value instead

See the caveats in the documentation: https://pandas.pydata.org/pandas-docs/stable/user_guide/indexing.html#returning-a-view-versus-a-copy
  sel_df[name] = sel_df[name] / total_count
/work/users/g/a/gabivla/lab/SV_mosquitos/TEs_Aedes_aegypti/Site_Frequency_Spectrum/Size_TEs_SFS/SFS_script_separate_countries_plotting_0.py:142: SettingWithCopyWarning: 
A value is trying to be set on a copy of a slice from a DataFrame.
Try using .loc[row_indexer,col_indexer] = value instead

See the caveats in the documentation: https://pandas.pydata.org/pandas-docs/stable/user_guide/indexing.html#returning-a-view-versus-a-copy
  sel_df[name] = sel_df[name] / total_count
/work/users/g/a/gabivla/lab/SV_mosquitos/TEs_Aedes_aegypti/Site_Frequency_Spectrum/Size_TEs_SFS/SFS_script_separate_countries_plotting_0.py:142: SettingWithCopyWarning: 
A value is trying to be set on a copy of a slice from a DataFrame.
Try using .loc[row_indexer,col_indexer] = value instead

See the caveats in the documentation: https://pandas.pydata.org/pandas-docs/stable/user_guide/indexing.html#returning-a-view-versus-a-copy
  sel_df[name] = sel_df[name] / total_count
/work/users/g/a/gabivla/lab/SV_mosquitos/TEs_Aedes_aegypti/Site_Frequency_Spectrum/Size_TEs_SFS/SFS_script_separate_countries_plotting_0.py:142: SettingWithCopyWarning: 
A value is trying to be set on a copy of a slice from a DataFrame.
Try using .loc[row_indexer,col_indexer] = value instead

See the caveats in the documentation: https://pandas.pydata.org/pandas-docs/stable/user_guide/indexing.html#returning-a-view-versus-a-copy
  sel_df[name] = sel_df[name] / total_count
/work/users/g/a/gabivla/lab/SV_mosquitos/TEs_Aedes_aegypti/Site_Frequency_Spectrum/Size_TEs_SFS/SFS_script_separate_countries_plotting_0.py:142: SettingWithCopyWarning: 
A value is trying to be set on a copy of a slice from a DataFrame.
Try using .loc[row_indexer,col_indexer] = value instead

See the caveats in the documentation: https://pandas.pydata.org/pandas-docs/stable/user_guide/indexing.html#returning-a-view-versus-a-copy
  sel_df[name] = sel_df[name] / total_count
/work/users/g/a/gabivla/lab/SV_mosquitos/TEs_Aedes_aegypti/Site_Frequency_Spectrum/Size_TEs_SFS/SFS_script_separate_countries_plotting_0.py:142: SettingWithCopyWarning: 
A value is trying to be set on a copy of a slice from a DataFrame.
Try using .loc[row_indexer,col_indexer] = value instead

See the caveats in the documentation: https://pandas.pydata.org/pandas-docs/stable/user_guide/indexing.html#returning-a-view-versus-a-copy
  sel_df[name] = sel_df[name] / total_count
/work/users/g/a/gabivla/lab/SV_mosquitos/TEs_Aedes_aegypti/Site_Frequency_Spectrum/Size_TEs_SFS/SFS_script_separate_countries_plotting_0.py:142: SettingWithCopyWarning: 
A value is trying to be set on a copy of a slice from a DataFrame.
Try using .loc[row_indexer,col_indexer] = value instead

See the caveats in the documentation: https://pandas.pydata.org/pandas-docs/stable/user_guide/indexing.html#returning-a-view-versus-a-copy
  sel_df[name] = sel_df[name] / total_count
/work/users/g/a/gabivla/lab/SV_mosquitos/TEs_Aedes_aegypti/Site_Frequency_Spectrum/Size_TEs_SFS/SFS_script_separate_countries_plotting_0.py:142: SettingWithCopyWarning: 
A value is trying to be set on a copy of a slice from a DataFrame.
Try using .loc[row_indexer,col_indexer] = value instead

See the caveats in the documentation: https://pandas.pydata.org/pandas-docs/stable/user_guide/indexing.html#returning-a-view-versus-a-copy
  sel_df[name] = sel_df[name] / total_count
/work/users/g/a/gabivla/lab/SV_mosquitos/TEs_Aedes_aegypti/Site_Frequency_Spectrum/Size_TEs_SFS/SFS_script_separate_countries_plotting_0.py:142: SettingWithCopyWarning: 
A value is trying to be set on a copy of a slice from a DataFrame.
Try using .loc[row_indexer,col_indexer] = value instead

See the caveats in the documentation: https://pandas.pydata.org/pandas-docs/stable/user_guide/indexing.html#returning-a-view-versus-a-copy
  sel_df[name] = sel_df[name] / total_count
/work/users/g/a/gabivla/lab/SV_mosquitos/TEs_Aedes_aegypti/Site_Frequency_Spectrum/Size_TEs_SFS/SFS_script_separate_countries_plotting_0.py:142: SettingWithCopyWarning: 
A value is trying to be set on a copy of a slice from a DataFrame.
Try using .loc[row_indexer,col_indexer] = value instead

See the caveats in the documentation: https://pandas.pydata.org/pandas-docs/stable/user_guide/indexing.html#returning-a-view-versus-a-copy
  sel_df[name] = sel_df[name] / total_count
/work/users/g/a/gabivla/lab/SV_mosquitos/TEs_Aedes_aegypti/Site_Frequency_Spectrum/Size_TEs_SFS/SFS_script_separate_countries_plotting_0.py:142: SettingWithCopyWarning: 
A value is trying to be set on a copy of a slice from a DataFrame.
Try using .loc[row_indexer,col_indexer] = value instead

See the caveats in the documentation: https://pandas.pydata.org/pandas-docs/stable/user_guide/indexing.html#returning-a-view-versus-a-copy
  sel_df[name] = sel_df[name] / total_count
/work/users/g/a/gabivla/lab/SV_mosquitos/TEs_Aedes_aegypti/Site_Frequency_Spectrum/Size_TEs_SFS/SFS_script_separate_countries_plotting_0.py:142: SettingWithCopyWarning: 
A value is trying to be set on a copy of a slice from a DataFrame.
Try using .loc[row_indexer,col_indexer] = value instead

See the caveats in the documentation: https://pandas.pydata.org/pandas-docs/stable/user_guide/indexing.html#returning-a-view-versus-a-copy
  sel_df[name] = sel_df[name] / total_count
/work/users/g/a/gabivla/lab/SV_mosquitos/TEs_Aedes_aegypti/Site_Frequency_Spectrum/Size_TEs_SFS/SFS_script_separate_countries_plotting_0.py:142: SettingWithCopyWarning: 
A value is trying to be set on a copy of a slice from a DataFrame.
Try using .loc[row_indexer,col_indexer] = value instead

See the caveats in the documentation: https://pandas.pydata.org/pandas-docs/stable/user_guide/indexing.html#returning-a-view-versus-a-copy
  sel_df[name] = sel_df[name] / total_count
/work/users/g/a/gabivla/lab/SV_mosquitos/TEs_Aedes_aegypti/Site_Frequency_Spectrum/Size_TEs_SFS/SFS_script_separate_countries_plotting_0.py:142: SettingWithCopyWarning: 
A value is trying to be set on a copy of a slice from a DataFrame.
Try using .loc[row_indexer,col_indexer] = value instead

See the caveats in the documentation: https://pandas.pydata.org/pandas-docs/stable/user_guide/indexing.html#returning-a-view-versus-a-copy
  sel_df[name] = sel_df[name] / total_count
/work/users/g/a/gabivla/lab/SV_mosquitos/TEs_Aedes_aegypti/Site_Frequency_Spectrum/Size_TEs_SFS/SFS_script_separate_countries_plotting_0.py:142: SettingWithCopyWarning: 
A value is trying to be set on a copy of a slice from a DataFrame.
Try using .loc[row_indexer,col_indexer] = value instead

See the caveats in the documentation: https://pandas.pydata.org/pandas-docs/stable/user_guide/indexing.html#returning-a-view-versus-a-copy
  sel_df[name] = sel_df[name] / total_count
/work/users/g/a/gabivla/lab/SV_mosquitos/TEs_Aedes_aegypti/Site_Frequency_Spectrum/Size_TEs_SFS/SFS_script_separate_countries_plotting_0.py:142: SettingWithCopyWarning: 
A value is trying to be set on a copy of a slice from a DataFrame.
Try using .loc[row_indexer,col_indexer] = value instead

See the caveats in the documentation: https://pandas.pydata.org/pandas-docs/stable/user_guide/indexing.html#returning-a-view-versus-a-copy
  sel_df[name] = sel_df[name] / total_count
/work/users/g/a/gabivla/lab/SV_mosquitos/TEs_Aedes_aegypti/Site_Frequency_Spectrum/Size_TEs_SFS/SFS_script_separate_countries_plotting_0.py:142: SettingWithCopyWarning: 
A value is trying to be set on a copy of a slice from a DataFrame.
Try using .loc[row_indexer,col_indexer] = value instead

See the caveats in the documentation: https://pandas.pydata.org/pandas-docs/stable/user_guide/indexing.html#returning-a-view-versus-a-copy
  sel_df[name] = sel_df[name] / total_count
/work/users/g/a/gabivla/lab/SV_mosquitos/TEs_Aedes_aegypti/Site_Frequency_Spectrum/Size_TEs_SFS/SFS_script_separate_countries_plotting_0.py:142: SettingWithCopyWarning: 
A value is trying to be set on a copy of a slice from a DataFrame.
Try using .loc[row_indexer,col_indexer] = value instead

See the caveats in the documentation: https://pandas.pydata.org/pandas-docs/stable/user_guide/indexing.html#returning-a-view-versus-a-copy
  sel_df[name] = sel_df[name] / total_count
/work/users/g/a/gabivla/lab/SV_mosquitos/TEs_Aedes_aegypti/Site_Frequency_Spectrum/Size_TEs_SFS/SFS_script_separate_countries_plotting_0.py:142: SettingWithCopyWarning: 
A value is trying to be set on a copy of a slice from a DataFrame.
Try using .loc[row_indexer,col_indexer] = value instead

See the caveats in the documentation: https://pandas.pydata.org/pandas-docs/stable/user_guide/indexing.html#returning-a-view-versus-a-copy
  sel_df[name] = sel_df[name] / total_count
/work/users/g/a/gabivla/lab/SV_mosquitos/TEs_Aedes_aegypti/Site_Frequency_Spectrum/Size_TEs_SFS/SFS_script_separate_countries_plotting_0.py:142: SettingWithCopyWarning: 
A value is trying to be set on a copy of a slice from a DataFrame.
Try using .loc[row_indexer,col_indexer] = value instead

See the caveats in the documentation: https://pandas.pydata.org/pandas-docs/stable/user_guide/indexing.html#returning-a-view-versus-a-copy
  sel_df[name] = sel_df[name] / total_count
/work/users/g/a/gabivla/lab/SV_mosquitos/TEs_Aedes_aegypti/Site_Frequency_Spectrum/Size_TEs_SFS/SFS_script_separate_countries_plotting_0.py:142: SettingWithCopyWarning: 
A value is trying to be set on a copy of a slice from a DataFrame.
Try using .loc[row_indexer,col_indexer] = value instead

See the caveats in the documentation: https://pandas.pydata.org/pandas-docs/stable/user_guide/indexing.html#returning-a-view-versus-a-copy
  sel_df[name] = sel_df[name] / total_count
/work/users/g/a/gabivla/lab/SV_mosquitos/TEs_Aedes_aegypti/Site_Frequency_Spectrum/Size_TEs_SFS/SFS_script_separate_countries_plotting_0.py:142: SettingWithCopyWarning: 
A value is trying to be set on a copy of a slice from a DataFrame.
Try using .loc[row_indexer,col_indexer] = value instead

See the caveats in the documentation: https://pandas.pydata.org/pandas-docs/stable/user_guide/indexing.html#returning-a-view-versus-a-copy
  sel_df[name] = sel_df[name] / total_count
/work/users/g/a/gabivla/lab/SV_mosquitos/TEs_Aedes_aegypti/Site_Frequency_Spectrum/Size_TEs_SFS/SFS_script_separate_countries_plotting_0.py:142: SettingWithCopyWarning: 
A value is trying to be set on a copy of a slice from a DataFrame.
Try using .loc[row_indexer,col_indexer] = value instead

See the caveats in the documentation: https://pandas.pydata.org/pandas-docs/stable/user_guide/indexing.html#returning-a-view-versus-a-copy
  sel_df[name] = sel_df[name] / total_count
/work/users/g/a/gabivla/lab/SV_mosquitos/TEs_Aedes_aegypti/Site_Frequency_Spectrum/Size_TEs_SFS/SFS_script_separate_countries_plotting_0.py:142: SettingWithCopyWarning: 
A value is trying to be set on a copy of a slice from a DataFrame.
Try using .loc[row_indexer,col_indexer] = value instead

See the caveats in the documentation: https://pandas.pydata.org/pandas-docs/stable/user_guide/indexing.html#returning-a-view-versus-a-copy
  sel_df[name] = sel_df[name] / total_count
/work/users/g/a/gabivla/lab/SV_mosquitos/TEs_Aedes_aegypti/Site_Frequency_Spectrum/Size_TEs_SFS/SFS_script_separate_countries_plotting_0.py:142: SettingWithCopyWarning: 
A value is trying to be set on a copy of a slice from a DataFrame.
Try using .loc[row_indexer,col_indexer] = value instead

See the caveats in the documentation: https://pandas.pydata.org/pandas-docs/stable/user_guide/indexing.html#returning-a-view-versus-a-copy
  sel_df[name] = sel_df[name] / total_count
/work/users/g/a/gabivla/lab/SV_mosquitos/TEs_Aedes_aegypti/Site_Frequency_Spectrum/Size_TEs_SFS/SFS_script_separate_countries_plotting_0.py:142: SettingWithCopyWarning: 
A value is trying to be set on a copy of a slice from a DataFrame.
Try using .loc[row_indexer,col_indexer] = value instead

See the caveats in the documentation: https://pandas.pydata.org/pandas-docs/stable/user_guide/indexing.html#returning-a-view-versus-a-copy
  sel_df[name] = sel_df[name] / total_count
/work/users/g/a/gabivla/lab/SV_mosquitos/TEs_Aedes_aegypti/Site_Frequency_Spectrum/Size_TEs_SFS/SFS_script_separate_countries_plotting_0.py:142: SettingWithCopyWarning: 
A value is trying to be set on a copy of a slice from a DataFrame.
Try using .loc[row_indexer,col_indexer] = value instead

See the caveats in the documentation: https://pandas.pydata.org/pandas-docs/stable/user_guide/indexing.html#returning-a-view-versus-a-copy
  sel_df[name] = sel_df[name] / total_count
/work/users/g/a/gabivla/lab/SV_mosquitos/TEs_Aedes_aegypti/Site_Frequency_Spectrum/Size_TEs_SFS/SFS_script_separate_countries_plotting_0.py:142: SettingWithCopyWarning: 
A value is trying to be set on a copy of a slice from a DataFrame.
Try using .loc[row_indexer,col_indexer] = value instead

See the caveats in the documentation: https://pandas.pydata.org/pandas-docs/stable/user_guide/indexing.html#returning-a-view-versus-a-copy
  sel_df[name] = sel_df[name] / total_count
/work/users/g/a/gabivla/lab/SV_mosquitos/TEs_Aedes_aegypti/Site_Frequency_Spectrum/Size_TEs_SFS/SFS_script_separate_countries_plotting_0.py:142: SettingWithCopyWarning: 
A value is trying to be set on a copy of a slice from a DataFrame.
Try using .loc[row_indexer,col_indexer] = value instead

See the caveats in the documentation: https://pandas.pydata.org/pandas-docs/stable/user_guide/indexing.html#returning-a-view-versus-a-copy
  sel_df[name] = sel_df[name] / total_count
/work/users/g/a/gabivla/lab/SV_mosquitos/TEs_Aedes_aegypti/Site_Frequency_Spectrum/Size_TEs_SFS/SFS_script_separate_countries_plotting_0.py:142: SettingWithCopyWarning: 
A value is trying to be set on a copy of a slice from a DataFrame.
Try using .loc[row_indexer,col_indexer] = value instead

See the caveats in the documentation: https://pandas.pydata.org/pandas-docs/stable/user_guide/indexing.html#returning-a-view-versus-a-copy
  sel_df[name] = sel_df[name] / total_count
/work/users/g/a/gabivla/lab/SV_mosquitos/TEs_Aedes_aegypti/Site_Frequency_Spectrum/Size_TEs_SFS/SFS_script_separate_countries_plotting_0.py:142: SettingWithCopyWarning: 
A value is trying to be set on a copy of a slice from a DataFrame.
Try using .loc[row_indexer,col_indexer] = value instead

See the caveats in the documentation: https://pandas.pydata.org/pandas-docs/stable/user_guide/indexing.html#returning-a-view-versus-a-copy
  sel_df[name] = sel_df[name] / total_count
/work/users/g/a/gabivla/lab/SV_mosquitos/TEs_Aedes_aegypti/Site_Frequency_Spectrum/Size_TEs_SFS/SFS_script_separate_countries_plotting_0.py:142: SettingWithCopyWarning: 
A value is trying to be set on a copy of a slice from a DataFrame.
Try using .loc[row_indexer,col_indexer] = value instead

See the caveats in the documentation: https://pandas.pydata.org/pandas-docs/stable/user_guide/indexing.html#returning-a-view-versus-a-copy
  sel_df[name] = sel_df[name] / total_count
/work/users/g/a/gabivla/lab/SV_mosquitos/TEs_Aedes_aegypti/Site_Frequency_Spectrum/Size_TEs_SFS/SFS_script_separate_countries_plotting_0.py:142: SettingWithCopyWarning: 
A value is trying to be set on a copy of a slice from a DataFrame.
Try using .loc[row_indexer,col_indexer] = value instead

See the caveats in the documentation: https://pandas.pydata.org/pandas-docs/stable/user_guide/indexing.html#returning-a-view-versus-a-copy
  sel_df[name] = sel_df[name] / total_count
/work/users/g/a/gabivla/lab/SV_mosquitos/TEs_Aedes_aegypti/Site_Frequency_Spectrum/Size_TEs_SFS/SFS_script_separate_countries_plotting_0.py:142: SettingWithCopyWarning: 
A value is trying to be set on a copy of a slice from a DataFrame.
Try using .loc[row_indexer,col_indexer] = value instead

See the caveats in the documentation: https://pandas.pydata.org/pandas-docs/stable/user_guide/indexing.html#returning-a-view-versus-a-copy
  sel_df[name] = sel_df[name] / total_count
/work/users/g/a/gabivla/lab/SV_mosquitos/TEs_Aedes_aegypti/Site_Frequency_Spectrum/Size_TEs_SFS/SFS_script_separate_countries_plotting_0.py:142: SettingWithCopyWarning: 
A value is trying to be set on a copy of a slice from a DataFrame.
Try using .loc[row_indexer,col_indexer] = value instead

See the caveats in the documentation: https://pandas.pydata.org/pandas-docs/stable/user_guide/indexing.html#returning-a-view-versus-a-copy
  sel_df[name] = sel_df[name] / total_count
/work/users/g/a/gabivla/lab/SV_mosquitos/TEs_Aedes_aegypti/Site_Frequency_Spectrum/Size_TEs_SFS/SFS_script_separate_countries_plotting_0.py:142: SettingWithCopyWarning: 
A value is trying to be set on a copy of a slice from a DataFrame.
Try using .loc[row_indexer,col_indexer] = value instead

See the caveats in the documentation: https://pandas.pydata.org/pandas-docs/stable/user_guide/indexing.html#returning-a-view-versus-a-copy
  sel_df[name] = sel_df[name] / total_count
/work/users/g/a/gabivla/lab/SV_mosquitos/TEs_Aedes_aegypti/Site_Frequency_Spectrum/Size_TEs_SFS/SFS_script_separate_countries_plotting_0.py:142: SettingWithCopyWarning: 
A value is trying to be set on a copy of a slice from a DataFrame.
Try using .loc[row_indexer,col_indexer] = value instead

See the caveats in the documentation: https://pandas.pydata.org/pandas-docs/stable/user_guide/indexing.html#returning-a-view-versus-a-copy
  sel_df[name] = sel_df[name] / total_count
/work/users/g/a/gabivla/lab/SV_mosquitos/TEs_Aedes_aegypti/Site_Frequency_Spectrum/Size_TEs_SFS/SFS_script_separate_countries_plotting_0.py:142: SettingWithCopyWarning: 
A value is trying to be set on a copy of a slice from a DataFrame.
Try using .loc[row_indexer,col_indexer] = value instead

See the caveats in the documentation: https://pandas.pydata.org/pandas-docs/stable/user_guide/indexing.html#returning-a-view-versus-a-copy
  sel_df[name] = sel_df[name] / total_count
/work/users/g/a/gabivla/lab/SV_mosquitos/TEs_Aedes_aegypti/Site_Frequency_Spectrum/Size_TEs_SFS/SFS_script_separate_countries_plotting_0.py:142: SettingWithCopyWarning: 
A value is trying to be set on a copy of a slice from a DataFrame.
Try using .loc[row_indexer,col_indexer] = value instead

See the caveats in the documentation: https://pandas.pydata.org/pandas-docs/stable/user_guide/indexing.html#returning-a-view-versus-a-copy
  sel_df[name] = sel_df[name] / total_count
/work/users/g/a/gabivla/lab/SV_mosquitos/TEs_Aedes_aegypti/Site_Frequency_Spectrum/Size_TEs_SFS/SFS_script_separate_countries_plotting_0.py:142: SettingWithCopyWarning: 
A value is trying to be set on a copy of a slice from a DataFrame.
Try using .loc[row_indexer,col_indexer] = value instead

See the caveats in the documentation: https://pandas.pydata.org/pandas-docs/stable/user_guide/indexing.html#returning-a-view-versus-a-copy
  sel_df[name] = sel_df[name] / total_count
/work/users/g/a/gabivla/lab/SV_mosquitos/TEs_Aedes_aegypti/Site_Frequency_Spectrum/Size_TEs_SFS/SFS_script_separate_countries_plotting_0.py:142: SettingWithCopyWarning: 
A value is trying to be set on a copy of a slice from a DataFrame.
Try using .loc[row_indexer,col_indexer] = value instead

See the caveats in the documentation: https://pandas.pydata.org/pandas-docs/stable/user_guide/indexing.html#returning-a-view-versus-a-copy
  sel_df[name] = sel_df[name] / total_count
/work/users/g/a/gabivla/lab/SV_mosquitos/TEs_Aedes_aegypti/Site_Frequency_Spectrum/Size_TEs_SFS/SFS_script_separate_countries_plotting_0.py:142: SettingWithCopyWarning: 
A value is trying to be set on a copy of a slice from a DataFrame.
Try using .loc[row_indexer,col_indexer] = value instead

See the caveats in the documentation: https://pandas.pydata.org/pandas-docs/stable/user_guide/indexing.html#returning-a-view-versus-a-copy
  sel_df[name] = sel_df[name] / total_count
/work/users/g/a/gabivla/lab/SV_mosquitos/TEs_Aedes_aegypti/Site_Frequency_Spectrum/Size_TEs_SFS/SFS_script_separate_countries_plotting_0.py:142: SettingWithCopyWarning: 
A value is trying to be set on a copy of a slice from a DataFrame.
Try using .loc[row_indexer,col_indexer] = value instead

See the caveats in the documentation: https://pandas.pydata.org/pandas-docs/stable/user_guide/indexing.html#returning-a-view-versus-a-copy
  sel_df[name] = sel_df[name] / total_count
/work/users/g/a/gabivla/lab/SV_mosquitos/TEs_Aedes_aegypti/Site_Frequency_Spectrum/Size_TEs_SFS/SFS_script_separate_countries_plotting_0.py:142: SettingWithCopyWarning: 
A value is trying to be set on a copy of a slice from a DataFrame.
Try using .loc[row_indexer,col_indexer] = value instead

See the caveats in the documentation: https://pandas.pydata.org/pandas-docs/stable/user_guide/indexing.html#returning-a-view-versus-a-copy
  sel_df[name] = sel_df[name] / total_count
/work/users/g/a/gabivla/lab/SV_mosquitos/TEs_Aedes_aegypti/Site_Frequency_Spectrum/Size_TEs_SFS/SFS_script_separate_countries_plotting_0.py:142: SettingWithCopyWarning: 
A value is trying to be set on a copy of a slice from a DataFrame.
Try using .loc[row_indexer,col_indexer] = value instead

See the caveats in the documentation: https://pandas.pydata.org/pandas-docs/stable/user_guide/indexing.html#returning-a-view-versus-a-copy
  sel_df[name] = sel_df[name] / total_count
/work/users/g/a/gabivla/lab/SV_mosquitos/TEs_Aedes_aegypti/Site_Frequency_Spectrum/Size_TEs_SFS/SFS_script_separate_countries_plotting_0.py:142: SettingWithCopyWarning: 
A value is trying to be set on a copy of a slice from a DataFrame.
Try using .loc[row_indexer,col_indexer] = value instead

See the caveats in the documentation: https://pandas.pydata.org/pandas-docs/stable/user_guide/indexing.html#returning-a-view-versus-a-copy
  sel_df[name] = sel_df[name] / total_count
/work/users/g/a/gabivla/lab/SV_mosquitos/TEs_Aedes_aegypti/Site_Frequency_Spectrum/Size_TEs_SFS/SFS_script_separate_countries_plotting_0.py:142: SettingWithCopyWarning: 
A value is trying to be set on a copy of a slice from a DataFrame.
Try using .loc[row_indexer,col_indexer] = value instead

See the caveats in the documentation: https://pandas.pydata.org/pandas-docs/stable/user_guide/indexing.html#returning-a-view-versus-a-copy
  sel_df[name] = sel_df[name] / total_count
/work/users/g/a/gabivla/lab/SV_mosquitos/TEs_Aedes_aegypti/Site_Frequency_Spectrum/Size_TEs_SFS/SFS_script_separate_countries_plotting_0.py:142: SettingWithCopyWarning: 
A value is trying to be set on a copy of a slice from a DataFrame.
Try using .loc[row_indexer,col_indexer] = value instead

See the caveats in the documentation: https://pandas.pydata.org/pandas-docs/stable/user_guide/indexing.html#returning-a-view-versus-a-copy
  sel_df[name] = sel_df[name] / total_count
/work/users/g/a/gabivla/lab/SV_mosquitos/TEs_Aedes_aegypti/Site_Frequency_Spectrum/Size_TEs_SFS/SFS_script_separate_countries_plotting_0.py:142: SettingWithCopyWarning: 
A value is trying to be set on a copy of a slice from a DataFrame.
Try using .loc[row_indexer,col_indexer] = value instead

See the caveats in the documentation: https://pandas.pydata.org/pandas-docs/stable/user_guide/indexing.html#returning-a-view-versus-a-copy
  sel_df[name] = sel_df[name] / total_count
/work/users/g/a/gabivla/lab/SV_mosquitos/TEs_Aedes_aegypti/Site_Frequency_Spectrum/Size_TEs_SFS/SFS_script_separate_countries_plotting_0.py:142: SettingWithCopyWarning: 
A value is trying to be set on a copy of a slice from a DataFrame.
Try using .loc[row_indexer,col_indexer] = value instead

See the caveats in the documentation: https://pandas.pydata.org/pandas-docs/stable/user_guide/indexing.html#returning-a-view-versus-a-copy
  sel_df[name] = sel_df[name] / total_count
/work/users/g/a/gabivla/lab/SV_mosquitos/TEs_Aedes_aegypti/Site_Frequency_Spectrum/Size_TEs_SFS/SFS_script_separate_countries_plotting_0.py:142: SettingWithCopyWarning: 
A value is trying to be set on a copy of a slice from a DataFrame.
Try using .loc[row_indexer,col_indexer] = value instead

See the caveats in the documentation: https://pandas.pydata.org/pandas-docs/stable/user_guide/indexing.html#returning-a-view-versus-a-copy
  sel_df[name] = sel_df[name] / total_count
/work/users/g/a/gabivla/lab/SV_mosquitos/TEs_Aedes_aegypti/Site_Frequency_Spectrum/Size_TEs_SFS/SFS_script_separate_countries_plotting_0.py:142: SettingWithCopyWarning: 
A value is trying to be set on a copy of a slice from a DataFrame.
Try using .loc[row_indexer,col_indexer] = value instead

See the caveats in the documentation: https://pandas.pydata.org/pandas-docs/stable/user_guide/indexing.html#returning-a-view-versus-a-copy
  sel_df[name] = sel_df[name] / total_count
/work/users/g/a/gabivla/lab/SV_mosquitos/TEs_Aedes_aegypti/Site_Frequency_Spectrum/Size_TEs_SFS/SFS_script_separate_countries_plotting_0.py:142: SettingWithCopyWarning: 
A value is trying to be set on a copy of a slice from a DataFrame.
Try using .loc[row_indexer,col_indexer] = value instead

See the caveats in the documentation: https://pandas.pydata.org/pandas-docs/stable/user_guide/indexing.html#returning-a-view-versus-a-copy
  sel_df[name] = sel_df[name] / total_count
/work/users/g/a/gabivla/lab/SV_mosquitos/TEs_Aedes_aegypti/Site_Frequency_Spectrum/Size_TEs_SFS/SFS_script_separate_countries_plotting_0.py:142: SettingWithCopyWarning: 
A value is trying to be set on a copy of a slice from a DataFrame.
Try using .loc[row_indexer,col_indexer] = value instead

See the caveats in the documentation: https://pandas.pydata.org/pandas-docs/stable/user_guide/indexing.html#returning-a-view-versus-a-copy
  sel_df[name] = sel_df[name] / total_count
/work/users/g/a/gabivla/lab/SV_mosquitos/TEs_Aedes_aegypti/Site_Frequency_Spectrum/Size_TEs_SFS/SFS_script_separate_countries_plotting_0.py:142: SettingWithCopyWarning: 
A value is trying to be set on a copy of a slice from a DataFrame.
Try using .loc[row_indexer,col_indexer] = value instead

See the caveats in the documentation: https://pandas.pydata.org/pandas-docs/stable/user_guide/indexing.html#returning-a-view-versus-a-copy
  sel_df[name] = sel_df[name] / total_count
/work/users/g/a/gabivla/lab/SV_mosquitos/TEs_Aedes_aegypti/Site_Frequency_Spectrum/Size_TEs_SFS/SFS_script_separate_countries_plotting_0.py:142: SettingWithCopyWarning: 
A value is trying to be set on a copy of a slice from a DataFrame.
Try using .loc[row_indexer,col_indexer] = value instead

See the caveats in the documentation: https://pandas.pydata.org/pandas-docs/stable/user_guide/indexing.html#returning-a-view-versus-a-copy
  sel_df[name] = sel_df[name] / total_count
/work/users/g/a/gabivla/lab/SV_mosquitos/TEs_Aedes_aegypti/Site_Frequency_Spectrum/Size_TEs_SFS/SFS_script_separate_countries_plotting_0.py:142: SettingWithCopyWarning: 
A value is trying to be set on a copy of a slice from a DataFrame.
Try using .loc[row_indexer,col_indexer] = value instead

See the caveats in the documentation: https://pandas.pydata.org/pandas-docs/stable/user_guide/indexing.html#returning-a-view-versus-a-copy
  sel_df[name] = sel_df[name] / total_count
/work/users/g/a/gabivla/lab/SV_mosquitos/TEs_Aedes_aegypti/Site_Frequency_Spectrum/Size_TEs_SFS/SFS_script_separate_countries_plotting_0.py:142: SettingWithCopyWarning: 
A value is trying to be set on a copy of a slice from a DataFrame.
Try using .loc[row_indexer,col_indexer] = value instead

See the caveats in the documentation: https://pandas.pydata.org/pandas-docs/stable/user_guide/indexing.html#returning-a-view-versus-a-copy
  sel_df[name] = sel_df[name] / total_count
/work/users/g/a/gabivla/lab/SV_mosquitos/TEs_Aedes_aegypti/Site_Frequency_Spectrum/Size_TEs_SFS/SFS_script_separate_countries_plotting_0.py:142: SettingWithCopyWarning: 
A value is trying to be set on a copy of a slice from a DataFrame.
Try using .loc[row_indexer,col_indexer] = value instead

See the caveats in the documentation: https://pandas.pydata.org/pandas-docs/stable/user_guide/indexing.html#returning-a-view-versus-a-copy
  sel_df[name] = sel_df[name] / total_count
/work/users/g/a/gabivla/lab/SV_mosquitos/TEs_Aedes_aegypti/Site_Frequency_Spectrum/Size_TEs_SFS/SFS_script_separate_countries_plotting_0.py:142: SettingWithCopyWarning: 
A value is trying to be set on a copy of a slice from a DataFrame.
Try using .loc[row_indexer,col_indexer] = value instead

See the caveats in the documentation: https://pandas.pydata.org/pandas-docs/stable/user_guide/indexing.html#returning-a-view-versus-a-copy
  sel_df[name] = sel_df[name] / total_count
/work/users/g/a/gabivla/lab/SV_mosquitos/TEs_Aedes_aegypti/Site_Frequency_Spectrum/Size_TEs_SFS/SFS_script_separate_countries_plotting_0.py:142: SettingWithCopyWarning: 
A value is trying to be set on a copy of a slice from a DataFrame.
Try using .loc[row_indexer,col_indexer] = value instead

See the caveats in the documentation: https://pandas.pydata.org/pandas-docs/stable/user_guide/indexing.html#returning-a-view-versus-a-copy
  sel_df[name] = sel_df[name] / total_count
/work/users/g/a/gabivla/lab/SV_mosquitos/TEs_Aedes_aegypti/Site_Frequency_Spectrum/Size_TEs_SFS/SFS_script_separate_countries_plotting_0.py:142: SettingWithCopyWarning: 
A value is trying to be set on a copy of a slice from a DataFrame.
Try using .loc[row_indexer,col_indexer] = value instead

See the caveats in the documentation: https://pandas.pydata.org/pandas-docs/stable/user_guide/indexing.html#returning-a-view-versus-a-copy
  sel_df[name] = sel_df[name] / total_count
/work/users/g/a/gabivla/lab/SV_mosquitos/TEs_Aedes_aegypti/Site_Frequency_Spectrum/Size_TEs_SFS/SFS_script_separate_countries_plotting_0.py:142: SettingWithCopyWarning: 
A value is trying to be set on a copy of a slice from a DataFrame.
Try using .loc[row_indexer,col_indexer] = value instead

See the caveats in the documentation: https://pandas.pydata.org/pandas-docs/stable/user_guide/indexing.html#returning-a-view-versus-a-copy
  sel_df[name] = sel_df[name] / total_count
/work/users/g/a/gabivla/lab/SV_mosquitos/TEs_Aedes_aegypti/Site_Frequency_Spectrum/Size_TEs_SFS/SFS_script_separate_countries_plotting_0.py:142: SettingWithCopyWarning: 
A value is trying to be set on a copy of a slice from a DataFrame.
Try using .loc[row_indexer,col_indexer] = value instead

See the caveats in the documentation: https://pandas.pydata.org/pandas-docs/stable/user_guide/indexing.html#returning-a-view-versus-a-copy
  sel_df[name] = sel_df[name] / total_count
/work/users/g/a/gabivla/lab/SV_mosquitos/TEs_Aedes_aegypti/Site_Frequency_Spectrum/Size_TEs_SFS/SFS_script_separate_countries_plotting_0.py:142: SettingWithCopyWarning: 
A value is trying to be set on a copy of a slice from a DataFrame.
Try using .loc[row_indexer,col_indexer] = value instead

See the caveats in the documentation: https://pandas.pydata.org/pandas-docs/stable/user_guide/indexing.html#returning-a-view-versus-a-copy
  sel_df[name] = sel_df[name] / total_count
/work/users/g/a/gabivla/lab/SV_mosquitos/TEs_Aedes_aegypti/Site_Frequency_Spectrum/Size_TEs_SFS/SFS_script_separate_countries_plotting_0.py:142: SettingWithCopyWarning: 
A value is trying to be set on a copy of a slice from a DataFrame.
Try using .loc[row_indexer,col_indexer] = value instead

See the caveats in the documentation: https://pandas.pydata.org/pandas-docs/stable/user_guide/indexing.html#returning-a-view-versus-a-copy
  sel_df[name] = sel_df[name] / total_count
/work/users/g/a/gabivla/lab/SV_mosquitos/TEs_Aedes_aegypti/Site_Frequency_Spectrum/Size_TEs_SFS/SFS_script_separate_countries_plotting_0.py:142: SettingWithCopyWarning: 
A value is trying to be set on a copy of a slice from a DataFrame.
Try using .loc[row_indexer,col_indexer] = value instead

See the caveats in the documentation: https://pandas.pydata.org/pandas-docs/stable/user_guide/indexing.html#returning-a-view-versus-a-copy
  sel_df[name] = sel_df[name] / total_count
/work/users/g/a/gabivla/lab/SV_mosquitos/TEs_Aedes_aegypti/Site_Frequency_Spectrum/Size_TEs_SFS/SFS_script_separate_countries_plotting_0.py:142: SettingWithCopyWarning: 
A value is trying to be set on a copy of a slice from a DataFrame.
Try using .loc[row_indexer,col_indexer] = value instead

See the caveats in the documentation: https://pandas.pydata.org/pandas-docs/stable/user_guide/indexing.html#returning-a-view-versus-a-copy
  sel_df[name] = sel_df[name] / total_count
/work/users/g/a/gabivla/lab/SV_mosquitos/TEs_Aedes_aegypti/Site_Frequency_Spectrum/Size_TEs_SFS/SFS_script_separate_countries_plotting_0.py:142: SettingWithCopyWarning: 
A value is trying to be set on a copy of a slice from a DataFrame.
Try using .loc[row_indexer,col_indexer] = value instead

See the caveats in the documentation: https://pandas.pydata.org/pandas-docs/stable/user_guide/indexing.html#returning-a-view-versus-a-copy
  sel_df[name] = sel_df[name] / total_count
/work/users/g/a/gabivla/lab/SV_mosquitos/TEs_Aedes_aegypti/Site_Frequency_Spectrum/Size_TEs_SFS/SFS_script_separate_countries_plotting_0.py:142: SettingWithCopyWarning: 
A value is trying to be set on a copy of a slice from a DataFrame.
Try using .loc[row_indexer,col_indexer] = value instead

See the caveats in the documentation: https://pandas.pydata.org/pandas-docs/stable/user_guide/indexing.html#returning-a-view-versus-a-copy
  sel_df[name] = sel_df[name] / total_count
/work/users/g/a/gabivla/lab/SV_mosquitos/TEs_Aedes_aegypti/Site_Frequency_Spectrum/Size_TEs_SFS/SFS_script_separate_countries_plotting_0.py:142: SettingWithCopyWarning: 
A value is trying to be set on a copy of a slice from a DataFrame.
Try using .loc[row_indexer,col_indexer] = value instead

See the caveats in the documentation: https://pandas.pydata.org/pandas-docs/stable/user_guide/indexing.html#returning-a-view-versus-a-copy
  sel_df[name] = sel_df[name] / total_count
/work/users/g/a/gabivla/lab/SV_mosquitos/TEs_Aedes_aegypti/Site_Frequency_Spectrum/Size_TEs_SFS/SFS_script_separate_countries_plotting_0.py:142: SettingWithCopyWarning: 
A value is trying to be set on a copy of a slice from a DataFrame.
Try using .loc[row_indexer,col_indexer] = value instead

See the caveats in the documentation: https://pandas.pydata.org/pandas-docs/stable/user_guide/indexing.html#returning-a-view-versus-a-copy
  sel_df[name] = sel_df[name] / total_count
/work/users/g/a/gabivla/lab/SV_mosquitos/TEs_Aedes_aegypti/Site_Frequency_Spectrum/Size_TEs_SFS/SFS_script_separate_countries_plotting_0.py:142: SettingWithCopyWarning: 
A value is trying to be set on a copy of a slice from a DataFrame.
Try using .loc[row_indexer,col_indexer] = value instead

See the caveats in the documentation: https://pandas.pydata.org/pandas-docs/stable/user_guide/indexing.html#returning-a-view-versus-a-copy
  sel_df[name] = sel_df[name] / total_count
/work/users/g/a/gabivla/lab/SV_mosquitos/TEs_Aedes_aegypti/Site_Frequency_Spectrum/Size_TEs_SFS/SFS_script_separate_countries_plotting_0.py:142: SettingWithCopyWarning: 
A value is trying to be set on a copy of a slice from a DataFrame.
Try using .loc[row_indexer,col_indexer] = value instead

See the caveats in the documentation: https://pandas.pydata.org/pandas-docs/stable/user_guide/indexing.html#returning-a-view-versus-a-copy
  sel_df[name] = sel_df[name] / total_count
/work/users/g/a/gabivla/lab/SV_mosquitos/TEs_Aedes_aegypti/Site_Frequency_Spectrum/Size_TEs_SFS/SFS_script_separate_countries_plotting_0.py:142: SettingWithCopyWarning: 
A value is trying to be set on a copy of a slice from a DataFrame.
Try using .loc[row_indexer,col_indexer] = value instead

See the caveats in the documentation: https://pandas.pydata.org/pandas-docs/stable/user_guide/indexing.html#returning-a-view-versus-a-copy
  sel_df[name] = sel_df[name] / total_count
/work/users/g/a/gabivla/lab/SV_mosquitos/TEs_Aedes_aegypti/Site_Frequency_Spectrum/Size_TEs_SFS/SFS_script_separate_countries_plotting_0.py:142: SettingWithCopyWarning: 
A value is trying to be set on a copy of a slice from a DataFrame.
Try using .loc[row_indexer,col_indexer] = value instead

See the caveats in the documentation: https://pandas.pydata.org/pandas-docs/stable/user_guide/indexing.html#returning-a-view-versus-a-copy
  sel_df[name] = sel_df[name] / total_count
/work/users/g/a/gabivla/lab/SV_mosquitos/TEs_Aedes_aegypti/Site_Frequency_Spectrum/Size_TEs_SFS/SFS_script_separate_countries_plotting_0.py:142: SettingWithCopyWarning: 
A value is trying to be set on a copy of a slice from a DataFrame.
Try using .loc[row_indexer,col_indexer] = value instead

See the caveats in the documentation: https://pandas.pydata.org/pandas-docs/stable/user_guide/indexing.html#returning-a-view-versus-a-copy
  sel_df[name] = sel_df[name] / total_count
/work/users/g/a/gabivla/lab/SV_mosquitos/TEs_Aedes_aegypti/Site_Frequency_Spectrum/Size_TEs_SFS/SFS_script_separate_countries_plotting_0.py:142: SettingWithCopyWarning: 
A value is trying to be set on a copy of a slice from a DataFrame.
Try using .loc[row_indexer,col_indexer] = value instead

See the caveats in the documentation: https://pandas.pydata.org/pandas-docs/stable/user_guide/indexing.html#returning-a-view-versus-a-copy
  sel_df[name] = sel_df[name] / total_count
/work/users/g/a/gabivla/lab/SV_mosquitos/TEs_Aedes_aegypti/Site_Frequency_Spectrum/Size_TEs_SFS/SFS_script_separate_countries_plotting_0.py:142: SettingWithCopyWarning: 
A value is trying to be set on a copy of a slice from a DataFrame.
Try using .loc[row_indexer,col_indexer] = value instead

See the caveats in the documentation: https://pandas.pydata.org/pandas-docs/stable/user_guide/indexing.html#returning-a-view-versus-a-copy
  sel_df[name] = sel_df[name] / total_count
/work/users/g/a/gabivla/lab/SV_mosquitos/TEs_Aedes_aegypti/Site_Frequency_Spectrum/Size_TEs_SFS/SFS_script_separate_countries_plotting_0.py:142: SettingWithCopyWarning: 
A value is trying to be set on a copy of a slice from a DataFrame.
Try using .loc[row_indexer,col_indexer] = value instead

See the caveats in the documentation: https://pandas.pydata.org/pandas-docs/stable/user_guide/indexing.html#returning-a-view-versus-a-copy
  sel_df[name] = sel_df[name] / total_count
/work/users/g/a/gabivla/lab/SV_mosquitos/TEs_Aedes_aegypti/Site_Frequency_Spectrum/Size_TEs_SFS/SFS_script_separate_countries_plotting_0.py:142: SettingWithCopyWarning: 
A value is trying to be set on a copy of a slice from a DataFrame.
Try using .loc[row_indexer,col_indexer] = value instead

See the caveats in the documentation: https://pandas.pydata.org/pandas-docs/stable/user_guide/indexing.html#returning-a-view-versus-a-copy
  sel_df[name] = sel_df[name] / total_count
/work/users/g/a/gabivla/lab/SV_mosquitos/TEs_Aedes_aegypti/Site_Frequency_Spectrum/Size_TEs_SFS/SFS_script_separate_countries_plotting_0.py:142: SettingWithCopyWarning: 
A value is trying to be set on a copy of a slice from a DataFrame.
Try using .loc[row_indexer,col_indexer] = value instead

See the caveats in the documentation: https://pandas.pydata.org/pandas-docs/stable/user_guide/indexing.html#returning-a-view-versus-a-copy
  sel_df[name] = sel_df[name] / total_count
/work/users/g/a/gabivla/lab/SV_mosquitos/TEs_Aedes_aegypti/Site_Frequency_Spectrum/Size_TEs_SFS/SFS_script_separate_countries_plotting_0.py:142: SettingWithCopyWarning: 
A value is trying to be set on a copy of a slice from a DataFrame.
Try using .loc[row_indexer,col_indexer] = value instead

See the caveats in the documentation: https://pandas.pydata.org/pandas-docs/stable/user_guide/indexing.html#returning-a-view-versus-a-copy
  sel_df[name] = sel_df[name] / total_count
/work/users/g/a/gabivla/lab/SV_mosquitos/TEs_Aedes_aegypti/Site_Frequency_Spectrum/Size_TEs_SFS/SFS_script_separate_countries_plotting_0.py:142: SettingWithCopyWarning: 
A value is trying to be set on a copy of a slice from a DataFrame.
Try using .loc[row_indexer,col_indexer] = value instead

See the caveats in the documentation: https://pandas.pydata.org/pandas-docs/stable/user_guide/indexing.html#returning-a-view-versus-a-copy
  sel_df[name] = sel_df[name] / total_count
/work/users/g/a/gabivla/lab/SV_mosquitos/TEs_Aedes_aegypti/Site_Frequency_Spectrum/Size_TEs_SFS/SFS_script_separate_countries_plotting_0.py:142: SettingWithCopyWarning: 
A value is trying to be set on a copy of a slice from a DataFrame.
Try using .loc[row_indexer,col_indexer] = value instead

See the caveats in the documentation: https://pandas.pydata.org/pandas-docs/stable/user_guide/indexing.html#returning-a-view-versus-a-copy
  sel_df[name] = sel_df[name] / total_count
/work/users/g/a/gabivla/lab/SV_mosquitos/TEs_Aedes_aegypti/Site_Frequency_Spectrum/Size_TEs_SFS/SFS_script_separate_countries_plotting_0.py:142: SettingWithCopyWarning: 
A value is trying to be set on a copy of a slice from a DataFrame.
Try using .loc[row_indexer,col_indexer] = value instead

See the caveats in the documentation: https://pandas.pydata.org/pandas-docs/stable/user_guide/indexing.html#returning-a-view-versus-a-copy
  sel_df[name] = sel_df[name] / total_count
/work/users/g/a/gabivla/lab/SV_mosquitos/TEs_Aedes_aegypti/Site_Frequency_Spectrum/Size_TEs_SFS/SFS_script_separate_countries_plotting_0.py:142: SettingWithCopyWarning: 
A value is trying to be set on a copy of a slice from a DataFrame.
Try using .loc[row_indexer,col_indexer] = value instead

See the caveats in the documentation: https://pandas.pydata.org/pandas-docs/stable/user_guide/indexing.html#returning-a-view-versus-a-copy
  sel_df[name] = sel_df[name] / total_count
/work/users/g/a/gabivla/lab/SV_mosquitos/TEs_Aedes_aegypti/Site_Frequency_Spectrum/Size_TEs_SFS/SFS_script_separate_countries_plotting_0.py:142: SettingWithCopyWarning: 
A value is trying to be set on a copy of a slice from a DataFrame.
Try using .loc[row_indexer,col_indexer] = value instead

See the caveats in the documentation: https://pandas.pydata.org/pandas-docs/stable/user_guide/indexing.html#returning-a-view-versus-a-copy
  sel_df[name] = sel_df[name] / total_count
/work/users/g/a/gabivla/lab/SV_mosquitos/TEs_Aedes_aegypti/Site_Frequency_Spectrum/Size_TEs_SFS/SFS_script_separate_countries_plotting_0.py:142: SettingWithCopyWarning: 
A value is trying to be set on a copy of a slice from a DataFrame.
Try using .loc[row_indexer,col_indexer] = value instead

See the caveats in the documentation: https://pandas.pydata.org/pandas-docs/stable/user_guide/indexing.html#returning-a-view-versus-a-copy
  sel_df[name] = sel_df[name] / total_count
/work/users/g/a/gabivla/lab/SV_mosquitos/TEs_Aedes_aegypti/Site_Frequency_Spectrum/Size_TEs_SFS/SFS_script_separate_countries_plotting_0.py:142: SettingWithCopyWarning: 
A value is trying to be set on a copy of a slice from a DataFrame.
Try using .loc[row_indexer,col_indexer] = value instead

See the caveats in the documentation: https://pandas.pydata.org/pandas-docs/stable/user_guide/indexing.html#returning-a-view-versus-a-copy
  sel_df[name] = sel_df[name] / total_count
/work/users/g/a/gabivla/lab/SV_mosquitos/TEs_Aedes_aegypti/Site_Frequency_Spectrum/Size_TEs_SFS/SFS_script_separate_countries_plotting_0.py:142: SettingWithCopyWarning: 
A value is trying to be set on a copy of a slice from a DataFrame.
Try using .loc[row_indexer,col_indexer] = value instead

See the caveats in the documentation: https://pandas.pydata.org/pandas-docs/stable/user_guide/indexing.html#returning-a-view-versus-a-copy
  sel_df[name] = sel_df[name] / total_count
/work/users/g/a/gabivla/lab/SV_mosquitos/TEs_Aedes_aegypti/Site_Frequency_Spectrum/Size_TEs_SFS/SFS_script_separate_countries_plotting_0.py:142: SettingWithCopyWarning: 
A value is trying to be set on a copy of a slice from a DataFrame.
Try using .loc[row_indexer,col_indexer] = value instead

See the caveats in the documentation: https://pandas.pydata.org/pandas-docs/stable/user_guide/indexing.html#returning-a-view-versus-a-copy
  sel_df[name] = sel_df[name] / total_count
/work/users/g/a/gabivla/lab/SV_mosquitos/TEs_Aedes_aegypti/Site_Frequency_Spectrum/Size_TEs_SFS/SFS_script_separate_countries_plotting_0.py:142: SettingWithCopyWarning: 
A value is trying to be set on a copy of a slice from a DataFrame.
Try using .loc[row_indexer,col_indexer] = value instead

See the caveats in the documentation: https://pandas.pydata.org/pandas-docs/stable/user_guide/indexing.html#returning-a-view-versus-a-copy
  sel_df[name] = sel_df[name] / total_count
/work/users/g/a/gabivla/lab/SV_mosquitos/TEs_Aedes_aegypti/Site_Frequency_Spectrum/Size_TEs_SFS/SFS_script_separate_countries_plotting_0.py:142: SettingWithCopyWarning: 
A value is trying to be set on a copy of a slice from a DataFrame.
Try using .loc[row_indexer,col_indexer] = value instead

See the caveats in the documentation: https://pandas.pydata.org/pandas-docs/stable/user_guide/indexing.html#returning-a-view-versus-a-copy
  sel_df[name] = sel_df[name] / total_count
/work/users/g/a/gabivla/lab/SV_mosquitos/TEs_Aedes_aegypti/Site_Frequency_Spectrum/Size_TEs_SFS/SFS_script_separate_countries_plotting_0.py:142: SettingWithCopyWarning: 
A value is trying to be set on a copy of a slice from a DataFrame.
Try using .loc[row_indexer,col_indexer] = value instead

See the caveats in the documentation: https://pandas.pydata.org/pandas-docs/stable/user_guide/indexing.html#returning-a-view-versus-a-copy
  sel_df[name] = sel_df[name] / total_count

--- Processing category: small ---
  Processing Kenya
Total count for DNA: 231781
Total count for UNKNOWN: 122088
Total count for LINE: 80006
Total count for LTR: 36008
Total count for SINE: 30613
Total count for RC_HELITRON: 1468
    occurence       DNA   UNKNOWN      LINE       LTR      SINE  RC_HELITRON
0           0  0.076305  0.110805  0.076232  0.087869  0.044426     0.082425
1           1  0.069139  0.101296  0.068795  0.078122  0.041584     0.065395
2           2  0.035646  0.046147  0.034422  0.040352  0.021951     0.035422
3           3  0.024911  0.029249  0.023661  0.027327  0.018848     0.033379
4           4  0.020226  0.021943  0.018324  0.022134  0.016954     0.024523
5           5  0.018906  0.020158  0.016636  0.019329  0.014896     0.017711
6           6  0.017448  0.016734  0.015949  0.019218  0.014732     0.021798
7           7  0.018060  0.017668  0.016274  0.019135  0.015941     0.022480
8           8  0.018742  0.017668  0.017486  0.019690  0.019338     0.019074
9           9  0.019544  0.018798  0.018061  0.020329  0.017542     0.019074
10         10  0.021356  0.020108  0.019361  0.022078  0.020841     0.026567
11         11  0.024566  0.021771  0.021448  0.023856  0.026002     0.025886
12         12  0.028039  0.025195  0.026523  0.028716  0.029759     0.026567
13         13  0.032375  0.029135  0.029960  0.034576  0.035116     0.034741
14         14  0.039175  0.034500  0.039247  0.038214  0.043838     0.029292
15         15  0.052791  0.045025  0.049271  0.054099  0.054977     0.055858
16         16  0.069980  0.059924  0.068482  0.066652  0.076928     0.049046
17         17  0.097122  0.083227  0.099418  0.092146  0.109790     0.094005
18         18  0.135512  0.118423  0.143064  0.123945  0.160226     0.132153
19         19  0.180157  0.162227  0.197385  0.162214  0.216313     0.184605
  Processing Colombia
Total count for DNA: 231781
Total count for UNKNOWN: 122088
Total count for LINE: 80006
Total count for LTR: 36008
Total count for SINE: 30613
Total count for RC_HELITRON: 1468
    occurence       DNA   UNKNOWN      LINE       LTR      SINE  RC_HELITRON
0           0  0.075623  0.116621  0.075119  0.087786  0.039950     0.066076
1           1  0.052066  0.077411  0.053608  0.057543  0.029824     0.061989
2           2  0.026654  0.037088  0.027298  0.032215  0.017640     0.029292
3           3  0.017344  0.023483  0.017311  0.019662  0.011204     0.019755
4           4  0.013858  0.016103  0.013499  0.016052  0.010290     0.017711
5           5  0.011744  0.013261  0.012087  0.013608  0.009604     0.018392
6           6  0.010993  0.012311  0.010599  0.012942  0.008493     0.015668
7           7  0.010704  0.011688  0.010912  0.011664  0.008330     0.015668
8           8  0.010670  0.010967  0.010299  0.011803  0.010420     0.011580
9           9  0.011351  0.011156  0.010912  0.010692  0.010388     0.008174
10         10  0.011476  0.011287  0.011849  0.012608  0.011890     0.016349
11         11  0.012214  0.011656  0.012262  0.013192  0.012250     0.014986
12         12  0.013064  0.012737  0.013424  0.012553  0.013981     0.017030
13         13  0.014626  0.013212  0.013287  0.015469  0.014242     0.017030
14         14  0.016101  0.014457  0.016824  0.017163  0.018064     0.020436
15         15  0.018099  0.016324  0.017624  0.017107  0.018064     0.015668
16         16  0.021313  0.018470  0.021898  0.020856  0.023683     0.020436
17         17  0.025201  0.022369  0.024036  0.025106  0.027113     0.023161
18         18  0.029549  0.025957  0.031835  0.029521  0.031915     0.030654
19         19  0.037320  0.033107  0.038885  0.038908  0.039558     0.039510
20         20  0.051928  0.046688  0.052721  0.050017  0.058929     0.064033
21         21  0.077025  0.066796  0.077169  0.071290  0.088622     0.068120
22         22  0.118681  0.104859  0.122553  0.111475  0.140104     0.116485
23         23  0.156169  0.135419  0.153026  0.141357  0.171528     0.143733
24         24  0.156225  0.136574  0.150964  0.149411  0.173913     0.128065
  Processing USA
Total count for DNA: 231781
Total count for UNKNOWN: 122088
Total count for LINE: 80006
Total count for LTR: 36008
Total count for SINE: 30613
Total count for RC_HELITRON: 1468
    occurence       DNA   UNKNOWN      LINE       LTR      SINE  RC_HELITRON
0           0  0.080399  0.126106  0.087618  0.095895  0.045765     0.085150
1           1  0.041781  0.062103  0.041022  0.046184  0.022964     0.038828
2           2  0.022163  0.032902  0.021761  0.026689  0.012511     0.020436
3           3  0.014773  0.020502  0.013499  0.017968  0.008624     0.017030
4           4  0.011796  0.015268  0.010599  0.012942  0.007970     0.017711
5           5  0.009966  0.012294  0.009724  0.011331  0.007186     0.012262
6           6  0.008879  0.010558  0.008737  0.010664  0.006468     0.008856
7           7  0.008478  0.009403  0.008287  0.009220  0.005227     0.014305
8           8  0.008659  0.008551  0.007699  0.008915  0.006566     0.011580
9           9  0.008646  0.008977  0.007762  0.009248  0.007023     0.005450
10         10  0.009328  0.008502  0.007649  0.009248  0.006794     0.010218
11         11  0.009259  0.008797  0.008124  0.009498  0.008068     0.011580
12         12  0.010061  0.009100  0.008787  0.009803  0.009408     0.010218
13         13  0.010406  0.009960  0.008787  0.011053  0.009800     0.012262
14         14  0.011494  0.010378  0.010512  0.011359  0.010257     0.014305
15         15  0.012525  0.011778  0.010824  0.012414  0.013099     0.012262
16         16  0.013530  0.012630  0.012249  0.014302  0.013458     0.012262
17         17  0.015182  0.013662  0.013636  0.013858  0.014569     0.017711
18         18  0.016511  0.014956  0.015311  0.016663  0.017868     0.017711
19         19  0.018949  0.016726  0.016661  0.018746  0.017966     0.019755
20         20  0.022422  0.019748  0.020236  0.021967  0.023552     0.023161
21         21  0.025459  0.022025  0.023786  0.025772  0.026296     0.028610
22         22  0.031452  0.026505  0.029423  0.031354  0.031621     0.028610
23         23  0.038851  0.034401  0.036985  0.036409  0.042270     0.028610
24         24  0.051307  0.045582  0.049446  0.049822  0.056545     0.040191
25         25  0.073626  0.064167  0.069632  0.069818  0.081501     0.059264
26         26  0.109448  0.097266  0.109004  0.103866  0.122072     0.110354
27         27  0.153158  0.135599  0.157638  0.144385  0.179140     0.155995
28         28  0.151492  0.131553  0.174599  0.140608  0.185411     0.155313
  Processing Brazil
Total count for DNA: 231781
Total count for UNKNOWN: 122088
Total count for LINE: 80006
Total count for LTR: 36008
Total count for SINE: 30613
Total count for RC_HELITRON: 1468
    occurence       DNA   UNKNOWN      LINE       LTR      SINE  RC_HELITRON
0           0  0.128833  0.196113  0.133527  0.150717  0.071212     0.136240
1           1  0.029347  0.040438  0.027873  0.033215  0.018816     0.024523
2           2  0.017762  0.022828  0.016649  0.018774  0.012511     0.016349
3           3  0.013599  0.016799  0.013049  0.015469  0.010159     0.012262
4           4  0.011752  0.013662  0.011037  0.014025  0.009702     0.012262
5           5  0.012037  0.012548  0.011387  0.013747  0.011041     0.016349
6           6  0.011791  0.012262  0.010899  0.012747  0.010257     0.016349
7           7  0.012119  0.012114  0.011174  0.013830  0.011335     0.009537
8           8  0.013211  0.012950  0.011899  0.014080  0.012119     0.009537
9           9  0.014488  0.013589  0.013062  0.016274  0.013458     0.014986
10         10  0.015713  0.014186  0.014199  0.015163  0.015778     0.011580
11         11  0.018052  0.016603  0.016474  0.017718  0.018554     0.033379
12         12  0.021581  0.018896  0.019411  0.023356  0.021233     0.023161
13         13  0.025744  0.022623  0.024036  0.025522  0.028354     0.029973
14         14  0.031737  0.027021  0.031185  0.033576  0.032503     0.037466
15         15  0.042842  0.036785  0.042422  0.043129  0.042662     0.044278
16         16  0.065890  0.057311  0.064595  0.063458  0.071408     0.065395
17         17  0.128997  0.113426  0.125066  0.122639  0.145232     0.121253
18         18  0.384505  0.339845  0.402057  0.352561  0.443668     0.365123
  Processing Gabon
Total count for DNA: 231781
Total count for UNKNOWN: 122088
Total count for LINE: 80006
Total count for LTR: 36008
Total count for SINE: 30613
Total count for RC_HELITRON: 1468
    occurence       DNA   UNKNOWN      LINE       LTR      SINE  RC_HELITRON
0           0  0.129407  0.191124  0.130240  0.149661  0.076079     0.130109
1           1  0.048438  0.063430  0.046197  0.054543  0.031882     0.044278
2           2  0.033273  0.038169  0.030210  0.035881  0.024173     0.036785
3           3  0.026762  0.029700  0.024823  0.029799  0.021298     0.037466
4           4  0.026189  0.025564  0.024023  0.027216  0.022507     0.029973
5           5  0.025425  0.025080  0.024123  0.026994  0.025871     0.027248
6           6  0.027617  0.025793  0.025361  0.028327  0.026394     0.027929
7           7  0.031763  0.029299  0.028173  0.032160  0.031000     0.028610
8           8  0.037229  0.033271  0.034235  0.036797  0.039983     0.032698
9           9  0.046678  0.041036  0.043284  0.049156  0.051579     0.049046
10         10  0.064017  0.053855  0.061320  0.061070  0.066344     0.055858
11         11  0.092967  0.081343  0.091731  0.092174  0.101036     0.092643
12         12  0.149840  0.129677  0.152051  0.136275  0.169568     0.132153
13         13  0.260397  0.232660  0.284229  0.239947  0.312286     0.275204
  Processing Senegal
Total count for DNA: 231781
Total count for UNKNOWN: 122088
Total count for LINE: 80006
Total count for LTR: 36008
Total count for SINE: 30613
Total count for RC_HELITRON: 1468
    occurence       DNA   UNKNOWN      LINE       LTR      SINE  RC_HELITRON
0           0  0.133829  0.195859  0.134977  0.152383  0.076536     0.141008
1           1  0.029101  0.040422  0.028623  0.033770  0.018652     0.030654
2           2  0.020856  0.028111  0.019524  0.025161  0.014177     0.019755
3           3  0.018246  0.021321  0.017286  0.019496  0.014112     0.027248
4           4  0.016296  0.018216  0.015236  0.018218  0.014144     0.018392
5           5  0.016438  0.016603  0.014174  0.017607  0.013034     0.016349
6           6  0.015562  0.016406  0.014486  0.016524  0.013034     0.017711
7           7  0.016067  0.015743  0.015024  0.016246  0.013622     0.014305
8           8  0.016412  0.015890  0.015274  0.018135  0.015451     0.021798
9           9  0.018034  0.016029  0.016036  0.016524  0.016464     0.019074
10         10  0.018815  0.017389  0.018311  0.020412  0.018130     0.018392
11         11  0.021149  0.019126  0.018749  0.022689  0.021886     0.022480
12         12  0.022871  0.021730  0.022148  0.022912  0.023977     0.023161
13         13  0.026214  0.023753  0.024311  0.025272  0.026623     0.029973
14         14  0.031236  0.027734  0.029535  0.031188  0.032633     0.032698
15         15  0.037919  0.032386  0.037172  0.038464  0.040048     0.039510
16         16  0.048205  0.041765  0.046472  0.047962  0.051873     0.046322
17         17  0.063720  0.056025  0.063533  0.062097  0.071375     0.051771
18         18  0.090232  0.078640  0.090956  0.086342  0.104727     0.081744
19         19  0.134023  0.114450  0.135577  0.122584  0.153987     0.121253
20         20  0.204775  0.182401  0.222596  0.186014  0.245517     0.206403

--- Processing category: medium ---
  Processing Kenya
Total count for DNA: 179438
Total count for UNKNOWN: 121616
Total count for LINE: 55128
Total count for LTR: 36073
Total count for SINE: 22930
Total count for RC_HELITRON: 1391
    occurence       DNA   UNKNOWN      LINE       LTR      SINE  RC_HELITRON
0           0  0.081566  0.104295  0.091260  0.074044  0.039730     0.088426
1           1  0.071161  0.092381  0.080159  0.065645  0.035020     0.074766
2           2  0.038738  0.045808  0.040905  0.038422  0.021805     0.051042
3           3  0.028974  0.031928  0.026593  0.031713  0.018404     0.033070
4           4  0.023769  0.027718  0.021768  0.024894  0.018622     0.021567
5           5  0.022270  0.025276  0.019319  0.023951  0.016267     0.033789
6           6  0.022270  0.024273  0.018375  0.024118  0.018055     0.029475
7           7  0.021617  0.023286  0.019718  0.024977  0.020933     0.027318
8           8  0.022359  0.023936  0.019137  0.026696  0.023114     0.030194
9           9  0.024109  0.024339  0.018883  0.025504  0.024073     0.020848
10         10  0.025619  0.026288  0.022511  0.027306  0.027431     0.029475
11         11  0.028400  0.028557  0.024198  0.030161  0.033755     0.029475
12         12  0.032329  0.031229  0.027862  0.034402  0.039860     0.033789
13         13  0.036224  0.034691  0.032688  0.039281  0.048277     0.035945
14         14  0.043943  0.040718  0.037603  0.048540  0.054165     0.034508
15         15  0.054693  0.049081  0.050591  0.056136  0.067510     0.054637
16         16  0.068876  0.060888  0.064323  0.068389  0.086175     0.046729
17         17  0.089401  0.077975  0.091242  0.087323  0.106978     0.073329
18         18  0.116787  0.099617  0.119957  0.113159  0.136415     0.109274
19         19  0.146898  0.127713  0.172907  0.135337  0.163410     0.142344
  Processing Colombia
Total count for DNA: 179438
Total count for UNKNOWN: 121616
Total count for LINE: 55128
Total count for LTR: 36073
Total count for SINE: 22930
Total count for RC_HELITRON: 1391
    occurence       DNA   UNKNOWN      LINE       LTR      SINE  RC_HELITRON
0           0  0.072855  0.097643  0.084422  0.068112  0.030702     0.069734
1           1  0.053567  0.068848  0.063217  0.047432  0.024727     0.059669
2           2  0.028233  0.034699  0.033359  0.027555  0.014828     0.035945
3           3  0.018915  0.023130  0.021695  0.018795  0.010903     0.032351
4           4  0.015482  0.017818  0.017033  0.016162  0.010467     0.018692
5           5  0.013553  0.015763  0.014167  0.015081  0.009551     0.025162
6           6  0.012974  0.014850  0.014022  0.013861  0.010554     0.015097
7           7  0.013498  0.015384  0.012988  0.013722  0.010772     0.022286
8           8  0.013024  0.014579  0.012081  0.013195  0.011513     0.015097
9           9  0.013893  0.015401  0.013732  0.014526  0.011644     0.021567
10         10  0.014005  0.015590  0.013568  0.015746  0.013868     0.017254
11         11  0.014952  0.016659  0.014621  0.017880  0.015438     0.017254
12         12  0.016574  0.017358  0.015020  0.017964  0.016877     0.024443
13         13  0.017689  0.018460  0.017142  0.019876  0.018229     0.017973
14         14  0.019344  0.019512  0.018611  0.020819  0.021980     0.021567
15         15  0.022130  0.021519  0.019736  0.023924  0.025905     0.029475
16         16  0.024822  0.023393  0.023781  0.026585  0.027780     0.025162
17         17  0.028088  0.027307  0.027899  0.030743  0.034627     0.025162
18         18  0.032602  0.030720  0.032162  0.034957  0.042521     0.030194
19         19  0.040008  0.037150  0.039744  0.039392  0.049935     0.033070
20         20  0.052107  0.047140  0.055308  0.051091  0.062843     0.048886
21         21  0.071339  0.065090  0.077619  0.069526  0.089926     0.066139
22         22  0.104493  0.090161  0.110543  0.098079  0.121326     0.095615
23         23  0.131839  0.114623  0.121680  0.125551  0.144658     0.109993
24         24  0.154014  0.137202  0.125853  0.159427  0.168426     0.122214
  Processing USA
Total count for DNA: 179438
Total count for UNKNOWN: 121616
Total count for LINE: 55128
Total count for LTR: 36073
Total count for SINE: 22930
Total count for RC_HELITRON: 1391
    occurence       DNA   UNKNOWN      LINE       LTR      SINE  RC_HELITRON
0           0  0.080284  0.106154  0.103668  0.075874  0.032316     0.081955
1           1  0.041357  0.054022  0.049231  0.036787  0.018491     0.035226
2           2  0.022910  0.029651  0.024742  0.020154  0.010903     0.032351
3           3  0.015861  0.020145  0.017287  0.015081  0.008940     0.023005
4           4  0.013637  0.015886  0.012534  0.013279  0.008024     0.015816
5           5  0.011960  0.014480  0.011283  0.011920  0.007327     0.019410
6           6  0.011564  0.013041  0.011065  0.011809  0.007937     0.014378
7           7  0.010616  0.011898  0.009850  0.011615  0.007719     0.020129
8           8  0.011129  0.011841  0.008816  0.011366  0.007937     0.015816
9           9  0.011647  0.013173  0.009614  0.012308  0.009464     0.014378
10         10  0.012132  0.012868  0.009505  0.012197  0.011121     0.015816
11         11  0.012428  0.012770  0.010194  0.012419  0.011470     0.012221
12         12  0.012952  0.014299  0.010467  0.014859  0.011077     0.012940
13         13  0.013370  0.014472  0.011283  0.016134  0.013737     0.017973
14         14  0.015259  0.015105  0.012172  0.014970  0.014174     0.017254
15         15  0.015732  0.016675  0.012498  0.018573  0.019276     0.018692
16         16  0.017611  0.017383  0.014203  0.019239  0.020890     0.015816
17         17  0.018725  0.018887  0.016253  0.019876  0.021195     0.019410
18         18  0.020453  0.020425  0.017849  0.022926  0.024030     0.020129
19         19  0.023262  0.022505  0.019972  0.024118  0.026036     0.020129
20         20  0.025702  0.025630  0.022094  0.027583  0.031051     0.028037
21         21  0.029336  0.028360  0.024525  0.031104  0.036720     0.037383
22         22  0.035260  0.032348  0.030166  0.036620  0.044570     0.029475
23         23  0.042198  0.039559  0.036352  0.042553  0.051766     0.036664
24         24  0.053311  0.048094  0.048288  0.053004  0.064457     0.043134
25         25  0.072147  0.064695  0.064849  0.069498  0.079590     0.069734
26         26  0.098491  0.086814  0.095160  0.094725  0.107850     0.084112
27         27  0.128484  0.109879  0.137571  0.122141  0.141997     0.109993
28         28  0.122181  0.108941  0.148509  0.127270  0.149935     0.118620
  Processing Brazil
Total count for DNA: 179438
Total count for UNKNOWN: 121616
Total count for LINE: 55128
Total count for LTR: 36073
Total count for SINE: 22930
Total count for RC_HELITRON: 1391
    occurence       DNA   UNKNOWN      LINE       LTR      SINE  RC_HELITRON
0           0  0.134208  0.176161  0.163148  0.124802  0.059049     0.140187
1           1  0.033271  0.041384  0.033304  0.032102  0.015962     0.027318
2           2  0.021428  0.025515  0.019881  0.022039  0.014871     0.028037
3           3  0.017644  0.020737  0.015437  0.019072  0.012909     0.023005
4           4  0.016613  0.018106  0.013786  0.019350  0.015438     0.023724
5           5  0.016228  0.017679  0.013967  0.018823  0.016790     0.025881
6           6  0.016518  0.016906  0.013187  0.018185  0.016616     0.017254
7           7  0.016496  0.017794  0.014076  0.018906  0.018666     0.020129
8           8  0.017271  0.017999  0.013260  0.020569  0.021500     0.016535
9           9  0.019561  0.020006  0.015981  0.021290  0.025730     0.025162
10         10  0.020586  0.020992  0.016761  0.022898  0.029830     0.019410
11         11  0.023105  0.023402  0.018103  0.024589  0.031095     0.025881
12         12  0.027274  0.026238  0.022457  0.028553  0.036590     0.025162
13         13  0.030261  0.028508  0.026937  0.032711  0.041867     0.021567
14         14  0.037411  0.034190  0.031744  0.039559  0.048539     0.040978
15         15  0.045403  0.042733  0.040270  0.048180  0.058003     0.048886
16         16  0.065633  0.058068  0.057013  0.064148  0.073659     0.061107
17         17  0.116213  0.102116  0.111740  0.114185  0.121805     0.101366
18         18  0.324875  0.291467  0.358946  0.310038  0.341082     0.308411
  Processing Gabon
Total count for DNA: 179438
Total count for UNKNOWN: 121616
Total count for LINE: 55128
Total count for LTR: 36073
Total count for SINE: 22930
Total count for RC_HELITRON: 1391
    occurence       DNA   UNKNOWN      LINE       LTR      SINE  RC_HELITRON
0           0  0.138059  0.177526  0.155239  0.130236  0.065635     0.154565
1           1  0.054392  0.065518  0.055435  0.052172  0.031444     0.052480
2           2  0.038520  0.044789  0.035626  0.039060  0.025164     0.048167
3           3  0.032301  0.036623  0.028987  0.037563  0.027039     0.035945
4           4  0.031136  0.033778  0.025432  0.034402  0.027867     0.035945
5           5  0.030869  0.033063  0.027101  0.035428  0.031792     0.038102
6           6  0.033867  0.034954  0.027554  0.037369  0.036197     0.032351
7           7  0.038063  0.038046  0.030946  0.041056  0.045094     0.034508
8           8  0.043519  0.042963  0.037041  0.045214  0.054601     0.038821
9           9  0.053027  0.050454  0.046709  0.055000  0.068949     0.051761
10         10  0.067410  0.061275  0.061711  0.071244  0.088094     0.064702
11         11  0.091213  0.080869  0.086925  0.093616  0.113912     0.082674
12         12  0.133283  0.114607  0.135503  0.127824  0.159442     0.112150
13         13  0.214341  0.185535  0.245792  0.199817  0.224771     0.217829
  Processing Senegal
Total count for DNA: 179438
Total count for UNKNOWN: 121616
Total count for LINE: 55128
Total count for LTR: 36073
Total count for SINE: 22930
Total count for RC_HELITRON: 1391
    occurence       DNA   UNKNOWN      LINE       LTR      SINE  RC_HELITRON
0           0  0.138560  0.179499  0.160009  0.127214  0.065068     0.145219
1           1  0.030300  0.037692  0.033395  0.028969  0.016092     0.043134
2           2  0.023501  0.027973  0.023273  0.024007  0.013825     0.034508
3           3  0.021077  0.024479  0.020570  0.020597  0.015046     0.026600
4           4  0.019940  0.022209  0.018321  0.019156  0.014784     0.017254
5           5  0.019193  0.021617  0.016471  0.021290  0.014697     0.027318
6           6  0.018552  0.021042  0.015509  0.019960  0.015177     0.024443
7           7  0.020224  0.020417  0.017759  0.022150  0.016572     0.020848
8           8  0.020653  0.022028  0.017595  0.022510  0.019887     0.029475
9           9  0.021517  0.021675  0.018140  0.026031  0.021544     0.019410
10         10  0.022604  0.023311  0.019065  0.025670  0.022983     0.024443
11         11  0.024956  0.025465  0.021205  0.027389  0.024815     0.029475
12         12  0.026839  0.026929  0.023781  0.029496  0.029917     0.027318
13         13  0.030111  0.030563  0.025994  0.033183  0.034453     0.028756
14         14  0.034396  0.034370  0.030874  0.037147  0.042477     0.029475
15         15  0.042159  0.037594  0.037803  0.045131  0.050807     0.041697
16         16  0.050268  0.045627  0.044170  0.049954  0.060314     0.046010
17         17  0.063186  0.056909  0.060133  0.064841  0.083515     0.040259
18         18  0.085021  0.075023  0.083043  0.082388  0.107632     0.083393
19         19  0.116363  0.099938  0.119359  0.113936  0.140209     0.097771
20         20  0.170577  0.145639  0.193531  0.158983  0.190188     0.163192

--- Processing category: large ---
  Processing Kenya
Total count for DNA: 16427
Total count for UNKNOWN: 11862
Total count for LINE: 4499
Total count for LTR: 5878
Total count for SINE: 397
Total count for RC_HELITRON: 96
    occurence       DNA   UNKNOWN      LINE       LTR      SINE  RC_HELITRON
0           0  0.160102  0.178385  0.174928  0.127594  0.115869     0.229167
1           1  0.120046  0.136739  0.161369  0.100034  0.105793     0.177083
2           2  0.072990  0.071657  0.075795  0.079449  0.057935     0.052083
3           3  0.060997  0.051509  0.050011  0.063117  0.032746     0.020833
4           4  0.045961  0.043332  0.041120  0.050187  0.035264     0.052083
5           5  0.044561  0.037346  0.029562  0.049166  0.042821     0.041667
6           6  0.036890  0.036840  0.030007  0.045594  0.037783     0.020833
7           7  0.036769  0.034733  0.025339  0.041341  0.027708     0.010417
8           8  0.035429  0.034396  0.024894  0.037938  0.032746     0.031250
9           9  0.037682  0.032204  0.027339  0.034706  0.035264     0.031250
10         10  0.033177  0.029590  0.026228  0.038619  0.040302     0.020833
11         11  0.034577  0.034901  0.022672  0.037428  0.045340     0.020833
12         12  0.032203  0.032035  0.029340  0.042872  0.060453     0.000000
13         13  0.032386  0.036672  0.029340  0.039980  0.052897     0.041667
14         14  0.036525  0.031951  0.032674  0.035556  0.030227     0.031250
15         15  0.035856  0.037178  0.038675  0.037938  0.050378     0.041667
16         16  0.036099  0.039032  0.039342  0.036917  0.042821     0.020833
17         17  0.039508  0.035913  0.042009  0.036067  0.073048     0.041667
18         18  0.036647  0.035239  0.043788  0.032324  0.035264     0.041667
19         19  0.031594  0.030349  0.055568  0.033175  0.045340     0.072917
  Processing Colombia
Total count for DNA: 16427
Total count for UNKNOWN: 11862
Total count for LINE: 4499
Total count for LTR: 5878
Total count for SINE: 397
Total count for RC_HELITRON: 96
    occurence       DNA   UNKNOWN      LINE       LTR      SINE  RC_HELITRON
0           0  0.095453  0.118024  0.171594  0.054610  0.098237     0.177083
1           1  0.082182  0.095768  0.122916  0.057332  0.095718     0.125000
2           2  0.051561  0.055218  0.064459  0.038448  0.037783     0.104167
3           3  0.039143  0.041140  0.038898  0.038108  0.020151     0.062500
4           4  0.034212  0.036082  0.028451  0.034536  0.025189     0.020833
5           5  0.032203  0.033974  0.032896  0.032324  0.025189     0.010417
6           6  0.029038  0.030602  0.030229  0.033515  0.032746     0.031250
7           7  0.028855  0.028494  0.023116  0.029602  0.020151     0.020833
8           8  0.032934  0.030096  0.024005  0.031303  0.020151     0.000000
9           9  0.030499  0.026302  0.021116  0.030112  0.012594     0.010417
10         10  0.029890  0.027483  0.021338  0.031473  0.040302     0.010417
11         11  0.027211  0.027989  0.027117  0.033855  0.025189     0.010417
12         12  0.028185  0.024616  0.025117  0.028581  0.025189     0.041667
13         13  0.028916  0.025797  0.023116  0.032154  0.037783     0.010417
14         14  0.026907  0.027314  0.025339  0.029262  0.022670     0.031250
15         15  0.028916  0.029843  0.023561  0.026199  0.035264     0.062500
16         16  0.029585  0.027989  0.022672  0.028411  0.032746     0.041667
17         17  0.033481  0.030265  0.025784  0.038108  0.047859     0.020833
18         18  0.034090  0.030771  0.033118  0.037428  0.060453     0.000000
19         19  0.034882  0.032709  0.029562  0.037938  0.057935     0.041667
20         20  0.036099  0.034058  0.029118  0.036747  0.042821     0.031250
21         21  0.037317  0.037346  0.041120  0.039129  0.035264     0.072917
22         22  0.040726  0.038021  0.037342  0.050527  0.037783     0.031250
23         23  0.049979  0.045608  0.036897  0.057162  0.057935     0.020833
24         24  0.077738  0.064492  0.041120  0.113134  0.052897     0.010417
  Processing USA
Total count for DNA: 16427
Total count for UNKNOWN: 11862
Total count for LINE: 4499
Total count for LTR: 5878
Total count for SINE: 397
Total count for RC_HELITRON: 96
    occurence       DNA   UNKNOWN      LINE       LTR      SINE  RC_HELITRON
0           0  0.104340  0.130501  0.197377  0.065158  0.148615     0.250000
1           1  0.060510  0.069297  0.094243  0.043382  0.062972     0.114583
2           2  0.039691  0.044680  0.051345  0.038619  0.022670     0.041667
3           3  0.036038  0.036840  0.035119  0.033515  0.010076     0.000000
4           4  0.031777  0.031614  0.023783  0.029602  0.015113     0.020833
5           5  0.028124  0.030855  0.021116  0.031303  0.022670     0.031250
6           6  0.026298  0.025375  0.021116  0.025689  0.027708     0.031250
7           7  0.025994  0.026218  0.018893  0.025179  0.010076     0.000000
8           8  0.027698  0.025375  0.020004  0.032664  0.010076     0.010417
9           9  0.025811  0.023183  0.019115  0.031133  0.017632     0.020833
10         10  0.028307  0.023268  0.019115  0.029262  0.027708     0.031250
11         11  0.027090  0.025965  0.014892  0.027220  0.022670     0.000000
12         12  0.027029  0.024701  0.019782  0.026029  0.030227     0.010417
13         13  0.028733  0.024364  0.019115  0.029602  0.020151     0.020833
14         14  0.031168  0.025375  0.018449  0.024668  0.032746     0.020833
15         15  0.025689  0.027146  0.014225  0.029602  0.020151     0.020833
16         16  0.028124  0.025965  0.019338  0.030453  0.030227     0.000000
17         17  0.027942  0.027651  0.019560  0.031814  0.025189     0.020833
18         18  0.028855  0.027651  0.019115  0.029262  0.030227     0.020833
19         19  0.029585  0.026218  0.022227  0.029942  0.010076     0.020833
20         20  0.029342  0.025291  0.022672  0.031814  0.027708     0.000000
21         21  0.031168  0.030686  0.029340  0.036237  0.045340     0.031250
22         22  0.032020  0.031866  0.029784  0.037258  0.042821     0.020833
23         23  0.031899  0.032204  0.030229  0.032664  0.045340     0.031250
24         24  0.032142  0.034143  0.030673  0.036917  0.065491     0.062500
25         25  0.035977  0.035997  0.034674  0.038789  0.047859     0.052083
26         26  0.038351  0.035913  0.044232  0.043892  0.042821     0.041667
27         27  0.039995  0.035407  0.041565  0.046955  0.055416     0.031250
28         28  0.040300  0.036250  0.048900  0.051378  0.030227     0.041667
  Processing Brazil
Total count for DNA: 16427
Total count for UNKNOWN: 11862
Total count for LINE: 4499
Total count for LTR: 5878
Total count for SINE: 397
Total count for RC_HELITRON: 96
    occurence       DNA   UNKNOWN      LINE       LTR      SINE  RC_HELITRON
0           0  0.199428  0.235205  0.308291  0.152603  0.204030     0.385417
1           1  0.061971  0.069213  0.068904  0.055291  0.065491     0.062500
2           2  0.045596  0.043669  0.043343  0.044573  0.027708     0.031250
3           3  0.038412  0.040634  0.032229  0.036917  0.027708     0.010417
4           4  0.035308  0.035491  0.024894  0.036917  0.020151     0.020833
5           5  0.034029  0.032035  0.023783  0.036917  0.025189     0.000000
6           6  0.032690  0.031529  0.024672  0.033685  0.022670     0.010417
7           7  0.036221  0.030771  0.022449  0.038278  0.030227     0.020833
8           8  0.031777  0.034143  0.024672  0.036747  0.022670     0.041667
9           9  0.032629  0.029759  0.025117  0.036577  0.040302     0.010417
10         10  0.034821  0.029506  0.023116  0.033175  0.032746     0.031250
11         11  0.032751  0.030180  0.024228  0.035046  0.017632     0.031250
12         12  0.035125  0.032962  0.026006  0.036237  0.042821     0.041667
13         13  0.036343  0.031108  0.026228  0.037598  0.037783     0.041667
14         14  0.037438  0.035660  0.032674  0.041681  0.035264     0.000000
15         15  0.040726  0.036672  0.033563  0.043382  0.057935     0.041667
16         16  0.045170  0.044090  0.036230  0.049677  0.065491     0.020833
17         17  0.062215  0.060277  0.063792  0.068391  0.078086     0.062500
18         18  0.127351  0.117097  0.135808  0.146308  0.146096     0.135417
  Processing Gabon
Total count for DNA: 16427
Total count for UNKNOWN: 11862
Total count for LINE: 4499
Total count for LTR: 5878
Total count for SINE: 397
Total count for RC_HELITRON: 96
    occurence       DNA   UNKNOWN      LINE       LTR      SINE  RC_HELITRON
0           0  0.256225  0.280981  0.303178  0.212998  0.219144     0.364583
1           1  0.101418  0.106137  0.106246  0.109221  0.090680     0.104167
2           2  0.073720  0.071236  0.069571  0.083362  0.035264     0.041667
3           3  0.064163  0.056146  0.047344  0.062436  0.050378     0.020833
4           4  0.057284  0.050666  0.037786  0.059884  0.042821     0.041667
5           5  0.049735  0.046114  0.037564  0.056992  0.052897     0.020833
6           6  0.051196  0.047968  0.035119  0.052059  0.047859     0.020833
7           7  0.046265  0.043500  0.037119  0.052909  0.062972     0.041667
8           8  0.046935  0.042067  0.031785  0.046614  0.047859     0.031250
9           9  0.045109  0.049654  0.034230  0.051888  0.057935     0.083333
10         10  0.046204  0.046451  0.048455  0.054610  0.088161     0.062500
11         11  0.048031  0.047800  0.054234  0.049677  0.065491     0.010417
12         12  0.052109  0.048727  0.065348  0.050868  0.073048     0.072917
13         13  0.061606  0.062553  0.092020  0.056482  0.065491     0.083333
  Processing Senegal
Total count for DNA: 16427
Total count for UNKNOWN: 11862
Total count for LINE: 4499
Total count for LTR: 5878
Total count for SINE: 397
Total count for RC_HELITRON: 96
    occurence       DNA   UNKNOWN      LINE       LTR      SINE  RC_HELITRON
0           0  0.249467  0.282162  0.324294  0.195985  0.216625     0.343750
1           1  0.057832  0.058675  0.062236  0.052059  0.045340     0.083333
2           2  0.046813  0.047715  0.037564  0.049166  0.040302     0.062500
3           3  0.045048  0.040128  0.034897  0.047125  0.037783     0.020833
4           4  0.037804  0.038021  0.032229  0.044233  0.047859     0.000000
5           5  0.037317  0.036419  0.028673  0.045594  0.032746     0.010417
6           6  0.038169  0.034817  0.029340  0.040320  0.025189     0.010417
7           7  0.036343  0.031276  0.024672  0.038108  0.035264     0.020833
8           8  0.033360  0.032878  0.022227  0.040490  0.025189     0.010417
9           9  0.037073  0.031023  0.031118  0.034876  0.022670     0.031250
10         10  0.035186  0.031782  0.024894  0.039639  0.027708     0.020833
11         11  0.035490  0.030602  0.027562  0.037428  0.027708     0.031250
12         12  0.032325  0.031276  0.025117  0.034706  0.017632     0.031250
13         13  0.031899  0.030433  0.024894  0.041000  0.037783     0.010417
14         14  0.032264  0.029506  0.028451  0.037428  0.037783     0.041667
15         15  0.034577  0.032035  0.032229  0.032834  0.055416     0.020833
16         16  0.034212  0.033553  0.032007  0.034365  0.070529     0.020833
17         17  0.034395  0.036335  0.033785  0.040320  0.042821     0.020833
18         18  0.034821  0.038358  0.042232  0.035216  0.050378     0.072917
19         19  0.037256  0.034058  0.040898  0.039129  0.075567     0.083333
20         20  0.038351  0.038948  0.060680  0.039980  0.027708     0.052083
